fixed acidity,volatile acidity,citric acid,residual sugar,chlorides,free sulfur dioxide,total sulfur dioxide,density,ph,sulphates,alcohol,predicted_quality
8.6,0.49,0.29,2,0.11,19,133,0.9972,2.93,1.98,9.8,6.50506781609506
8,0.18,0.37,0.9,0.049,36,109,0.99007,2.89,0.44,12.7,6.65427236983718
6.8,0.67,0,1.9,0.08,22,39,0.99701,3.4,0.74,9.7,5.35208865180066
10.1,0.31,0.35,1.6,0.075,9,28,0.99672,3.24,0.83,11.2,6.37798932225415
7.3,0.45,0.36,5.9,0.074,12,87,0.9978,3.33,0.83,10.5,5.83498555301784
8.4,0.34,0.42,2.1,0.072,23,36,0.99392,3.11,0.78,12.4,6.69774395479839
8.8,0.41,0.64,2.2,0.093,9,42,0.9986,3.54,0.66,10.5,5.65557508957223
8.7,0.7,0.24,2.5,0.226,5,15,0.9991,3.32,0.6,9,4.79491259623
7.5,0.57,0.02,2.6,0.077,11,35,0.99557,3.36,0.62,10.8,5.72866049712
7.2,0.62,0.06,2.5,0.078,17,84,0.99746,3.51,0.53,9.7,5.05622808548313
8.6,0.49,0.29,2,0.11,19,133,0.9972,2.93,1.98,9.8,6.50506781609506
8,0.18,0.37,0.9,0.049,36,109,0.99007,2.89,0.44,12.7,6.65427236983718
6.8,0.67,0,1.9,0.08,22,39,0.99701,3.4,0.74,9.7,5.35208865180066
10.1,0.31,0.35,1.6,0.075,9,28,0.99672,3.24,0.83,11.2,6.37798932225415
7.3,0.45,0.36,5.9,0.074,12,87,0.9978,3.33,0.83,10.5,5.83498555301784
8.4,0.34,0.42,2.1,0.072,23,36,0.99392,3.11,0.78,12.4,6.69774395479839
8.8,0.41,0.64,2.2,0.093,9,42,0.9986,3.54,0.66,10.5,5.65557508957223
8.7,0.7,0.24,2.5,0.226,5,15,0.9991,3.32,0.6,9,4.79491259623
7.5,0.57,0.02,2.6,0.077,11,35,0.99557,3.36,0.62,10.8,5.72866049712
7.2,0.62,0.06,2.5,0.078,17,84,0.99746,3.51,0.53,9.7,5.05622808548313
8.6,0.49,0.29,2,0.11,19,133,0.9972,2.93,1.98,9.8,6.50506781609506
8,0.18,0.37,0.9,0.049,36,109,0.99007,2.89,0.44,12.7,6.65427236983718
6.8,0.67,0,1.9,0.08,22,39,0.99701,3.4,0.74,9.7,5.35208865180066
10.1,0.31,0.35,1.6,0.075,9,28,0.99672,3.24,0.83,11.2,6.37798932225415
7.3,0.45,0.36,5.9,0.074,12,87,0.9978,3.33,0.83,10.5,5.83498555301784
8.4,0.34,0.42,2.1,0.072,23,36,0.99392,3.11,0.78,12.4,6.69774395479839
8.8,0.41,0.64,2.2,0.093,9,42,0.9986,3.54,0.66,10.5,5.65557508957223
8.7,0.7,0.24,2.5,0.226,5,15,0.9991,3.32,0.6,9,4.79491259623
7.5,0.57,0.02,2.6,0.077,11,35,0.99557,3.36,0.62,10.8,5.72866049712
7.2,0.62,0.06,2.5,0.078,17,84,0.99746,3.51,0.53,9.7,5.05622808548313
7.9,0.58,0.23,2.3,0.076,23,94,0.99686,3.21,0.58,9.5,5.20206650090774
7.3,0.49,0.1,2.6,0.068,4,14,0.99562,3.3,0.47,10.5,5.69469201424498
8.2,0.6,0.17,2.3,0.072,11,73,0.9963,3.2,0.45,9.3,5.08530575454001
6.2,0.52,0.08,4.4,0.071,11,32,0.99646,3.56,0.63,11.6,5.94544123323263
8.9,0.59,0.39,2.3,0.095,5,22,0.9986,3.37,0.58,10.3,5.46000793762946
5.9,0.61,0.08,2.1,0.071,16,24,0.99376,3.56,0.77,11.1,5.84427938556199
6.8,0.915,0.29,4.8,0.07,15,39,0.99577,3.53,0.54,11.1,5.2679648339659
8.3,0.54,0.24,3.4,0.076,16,112,0.9976,3.27,0.61,9.4,5.17664945957757
10,0.29,0.4,2.9,0.098,10,26,1.0006,3.48,0.91,9.7,5.89514298459394
7.2,0.5,0.18,2.1,0.071,12,31,0.99761,3.52,0.72,9.6,5.47280952426414
9.9,0.25,0.46,1.7,0.062,26,42,0.9959,3.18,0.83,10.6,6.33174498694739
7.4,0.39,0.48,2,0.082,14,67,0.9972,3.34,0.55,9.2,5.27984062521099
9.4,0.685,0.11,2.7,0.077,6,31,0.9984,3.19,0.7,10.1,5.52426726568195
7.1,0.43,0.42,5.5,0.07,29,129,0.9973,3.42,0.72,10.5,5.63440791734898
11.3,0.34,0.45,2,0.082,6,15,0.9988,2.94,0.66,9.2,5.78893709804019
9,0.46,0.31,2.8,0.093,19,98,0.99815,3.32,0.63,9.5,5.29829783162513
7.8,0.58,0.02,2,0.073,9,18,0.9968,3.36,0.57,9.5,5.35296003592802
10.5,0.43,0.35,3.3,0.092,24,70,0.99798,3.21,0.69,10.5,5.83350645616053
6.9,0.63,0.01,2.4,0.076,14,39,0.99522,3.34,0.53,10.8,5.57304823837186
7,0.45,0.34,2.7,0.082,16,72,0.998,3.55,0.6,9.5,5.24320246365201
7.3,0.98,0.05,2.1,0.061,20,49,0.99705,3.31,0.55,9.7,4.86026679572059
9.5,0.735,0.1,2.1,0.079,6,31,0.9986,3.23,0.56,10.1,5.31068758352596
9.8,1.24,0.34,2,0.079,32,151,0.998,3.15,0.53,9.5,4.22503184499263
11.5,0.315,0.54,2.1,0.084,5,15,0.9987,2.98,0.7,9.2,5.83082184622665
8.7,0.63,0.28,2.7,0.096,17,69,0.99734,3.26,0.63,10.2,5.38870943233445
7.8,0.59,0.33,2,0.074,24,120,0.9968,3.25,0.54,9.4,5.02329440482684
8,0.62,0.35,2.8,0.086,28,52,0.997,3.31,0.62,10.8,5.61174375974699
10.4,0.24,0.49,1.8,0.075,6,20,0.9977,3.18,1.06,11,6.62814667275825
10,0.69,0.11,1.4,0.084,8,24,0.99578,2.88,0.47,9.7,5.37698303896337
7.4,0.47,0.46,2.2,0.114,7,20,0.99647,3.32,0.63,10.5,5.69187536151484
8.2,0.35,0.33,2.4,0.076,11,47,0.99599,3.27,0.81,11,6.18534798834979
7.9,0.18,0.4,1.8,0.062,7,20,0.9941,3.28,0.7,11.1,6.42559698416659
9.6,0.54,0.42,2.4,0.081,25,52,0.997,3.2,0.71,11.4,6.01013001456971
15.5,0.645,0.49,4.2,0.095,10,23,1.00315,2.92,0.74,11.1,6.01946492114357
10,0.38,0.38,1.6,0.169,27,90,0.99914,3.15,0.65,8.5,5.07862378618836
10,0.44,0.49,2.7,0.077,11,19,0.9963,3.23,0.63,11.6,6.20308966168441
6.2,0.36,0.24,2.2,0.095,19,42,0.9946,3.57,0.57,11.7,6.01828407942297
9.4,0.685,0.26,2.4,0.082,23,143,0.9978,3.28,0.55,9.4,4.84971043723647
10.6,0.34,0.49,3.2,0.078,20,78,0.9992,3.19,0.7,10,5.78567978045363
11.3,0.36,0.66,2.4,0.123,3,8,0.99642,3.2,0.53,11.9,6.23769261070771
7.5,1.115,0.1,3.1,0.086,5,12,0.9958,3.54,0.6,11.2,5.12481322071629
8.1,0.78,0.23,2.6,0.059,5,15,0.997,3.37,0.56,11.3,5.60209390288248
7.8,0.87,0.26,3.8,0.107,31,67,0.99668,3.26,0.46,9.2,4.71682928452285
8.4,0.59,0.29,2.6,0.109,31,119,0.99801,3.15,0.5,9.1,4.90829774887891
7.8,0.545,0.12,2.5,0.068,11,35,0.996,3.34,0.61,11.6,5.97632617986978
6.2,0.785,0,2.1,0.06,6,13,0.99664,3.59,0.61,10,5.18875033280537
15,0.21,0.44,2.2,0.075,10,24,1.00005,3.07,0.84,9.2,6.10238792712668
7.7,0.26,0.3,1.7,0.059,20,38,0.9949,3.29,0.47,10.8,6.01555594463764
12.9,0.35,0.49,5.8,0.066,5,35,1.0014,3.2,0.66,12,6.45964753885097
8.3,0.78,0.1,2.6,0.081,45,87,0.9983,3.48,0.53,10,5.00181392388818
11.9,0.58,0.58,1.9,0.071,5,18,0.998,3.09,0.63,10,5.6467154696469
6.6,0.88,0.04,2.2,0.066,12,20,0.99636,3.53,0.56,9.9,5.01843937386456
10,0.35,0.45,2.5,0.092,20,88,0.99918,3.15,0.43,9.4,5.31837106619218
9.8,0.5,0.49,2.6,0.25,5,20,0.999,3.31,0.79,10.7,5.59968223447253
6,0.64,0.05,1.9,0.066,9,17,0.99496,3.52,0.78,10.6,5.69560230574706
6.4,0.67,0.08,2.1,0.045,19,48,0.9949,3.49,0.49,11.4,5.61464899268318
7.1,0.16,0.44,2.5,0.068,17,31,0.99328,3.35,0.54,12.4,6.617698236432
6.6,0.64,0.31,6.1,0.083,7,49,0.99718,3.35,0.68,10.3,5.50741470226085
7.3,0.305,0.39,1.2,0.059,7,11,0.99331,3.29,0.52,11.5,6.24465979192666
6.5,0.53,0.06,2,0.063,29,44,0.99489,3.38,0.83,10.3,5.82425191647852
11.7,0.49,0.49,2.2,0.083,5,15,1,3.19,0.43,9.2,5.29558593226206
6.6,0.61,0.01,1.9,0.08,8,25,0.99746,3.69,0.73,10.5,5.51662425262409
7.2,0.39,0.32,1.8,0.065,34,60,0.99714,3.46,0.78,9.9,5.71729364509665
7.6,0.55,0.21,2.2,0.071,7,28,0.9964,3.28,0.55,9.7,5.41573428408849
10.7,0.43,0.39,2.2,0.106,8,32,0.9986,2.89,0.5,9.6,5.578820257556
8.9,0.565,0.34,3,0.093,16,112,0.9998,3.38,0.61,9.5,5.05370693478134
11.3,0.37,0.41,2.3,0.088,6,16,0.9988,3.09,0.8,9.3,5.83538076470796
7.2,0.38,0.38,2.8,0.068,23,42,0.99356,3.34,0.72,12.9,6.63093456605227
10.5,0.28,0.51,1.7,0.08,10,24,0.9982,3.2,0.89,9.4,5.97437319922262
7.6,0.3,0.42,2,0.052,6,24,0.9963,3.44,0.82,11.9,6.49736005621604
7.9,0.29,0.49,2.2,0.096,21,59,0.99714,3.31,0.67,10.1,5.78239684537803
5.6,0.31,0.37,1.4,0.074,12,96,0.9954,3.32,0.58,9.2,5.32585696472087
9.9,0.5,0.24,2.3,0.103,6,14,0.9978,3.34,0.52,10,5.50891241952248
8.1,0.72,0.09,2.8,0.084,18,49,0.9994,3.43,0.72,11.1,5.58864927718305
7.5,0.61,0.26,1.9,0.073,24,88,0.99612,3.3,0.53,9.8,5.18559791086686
8.6,0.47,0.3,3,0.076,30,135,0.9976,3.3,0.53,9.4,5.13150806292213
8.5,0.4,0.4,6.3,0.05,3,10,0.99566,3.28,0.56,12,6.41006402968131
8.9,0.4,0.32,5.6,0.087,10,47,0.9991,3.38,0.77,10.5,5.92398250672307
7.8,0.39,0.42,2,0.086,9,21,0.99526,3.39,0.66,11.6,6.16299435977856
9.2,0.59,0.24,3.3,0.101,20,47,0.9988,3.26,0.67,9.6,5.37640656551615
9.8,0.44,0.47,2.5,0.063,9,28,0.9981,3.24,0.65,10.8,5.96113083321504
6.1,0.32,0.25,1.8,0.086,5,32,0.99464,3.36,0.44,10.1,5.61798141333478
7.7,0.63,0.08,1.9,0.076,15,27,0.9967,3.32,0.54,9.5,5.25331961889781
7.8,0.52,0.25,1.9,0.081,14,38,0.9984,3.43,0.65,9,5.21563156199192
6.7,0.58,0.08,1.8,0.097,15,65,0.9959,3.28,0.54,9.2,5.08660516467907
6.3,0.57,0.28,2.1,0.048,13,49,0.99374,3.41,0.6,12.8,6.21334303686478
10.2,0.49,0.63,2.9,0.072,10,26,0.9968,3.16,0.78,12.5,6.51190698574202
6.4,0.53,0.09,3.9,0.123,14,31,0.9968,3.5,0.67,11,5.72746404316229
9.6,0.6,0.5,2.3,0.079,28,71,0.9997,3.5,0.57,9.7,5.14110182991554
7.2,0.53,0.13,2,0.058,18,22,0.99573,3.21,0.68,9.9,5.7035924665973
11.9,0.38,0.51,2,0.121,7,20,0.9996,3.24,0.76,10.4,5.93331911908956
9.8,0.88,0.25,2.5,0.104,35,155,1.001,3.41,0.67,11.2,5.04922726733485
7.8,0.58,0.13,2.1,0.102,17,36,0.9944,3.24,0.53,11.2,5.75965223891334
7.7,0.66,0.04,1.6,0.039,4,9,0.9962,3.4,0.47,9.4,5.20655812607521
9,0.45,0.49,2.6,0.084,21,75,0.9987,3.35,0.57,9.7,5.35957066380104
7.7,0.6,0,2.6,0.055,7,13,0.99639,3.38,0.56,10.8,5.72519727407508
7.2,0.6,0.04,2.5,0.076,18,88,0.99745,3.53,0.55,9.5,5.03204388690516
6.9,0.41,0.31,2,0.079,21,51,0.99668,3.47,0.55,9.5,5.36714513198511
6.8,0.67,0.02,1.8,0.05,5,11,0.9962,3.48,0.52,9.5,5.19535251718062
9.9,0.44,0.46,2.2,0.091,10,41,0.99638,3.18,0.69,11.9,6.24837232220813
7.3,0.66,0,2,0.084,6,23,0.9983,3.61,0.96,9.9,5.52144520146933
8.3,0.31,0.39,2.4,0.078,17,43,0.99444,3.31,0.77,12.5,6.62731247036686
7.5,0.53,0.06,2.6,0.086,20,44,0.9965,3.38,0.59,10.7,5.67122781560598
7.5,0.38,0.48,2.6,0.073,22,84,0.9972,3.32,0.7,9.6,5.53231532236493
11.5,0.18,0.51,4,0.104,4,23,0.9996,3.28,0.97,10.1,6.31268333350146
12.4,0.49,0.58,3,0.103,28,99,1.0008,3.16,1,11.5,6.17486266838729
10.3,0.5,0.42,2,0.069,21,51,0.9982,3.16,0.72,11.5,6.11293737595484
12.5,0.46,0.63,2,0.071,6,15,0.9988,2.99,0.87,10.2,6.09770832704668
8.7,0.48,0.3,2.8,0.066,10,28,0.9964,3.33,0.67,11.2,6.02671143411142
9.8,0.66,0.39,3.2,0.083,21,59,0.9989,3.37,0.71,11.5,5.78371391758992
6.5,0.67,0,4.3,0.057,11,20,0.99488,3.45,0.56,11.8,5.9015946342034
7.1,0.715,0,2.35,0.071,21,47,0.99632,3.29,0.45,9.4,5.03185922191832
8.2,0.24,0.34,5.1,0.062,8,22,0.9974,3.22,0.94,10.9,6.55384056224664
7.2,0.725,0.05,4.65,0.086,4,11,0.9962,3.41,0.39,10.9,5.41771965267885
7.4,0.49,0.27,2.1,0.071,14,25,0.99388,3.35,0.63,12,6.19727908394043
6.5,0.53,0.06,2,0.063,29,44,0.99489,3.38,0.83,10.3,5.82425191647852
10.6,0.48,0.64,2.2,0.111,6,20,0.997,3.26,0.66,11.7,6.09210037690081
10,0.32,0.59,2.2,0.077,3,15,0.9994,3.2,0.78,9.6,5.87711456851241
12.8,0.3,0.74,2.6,0.095,9,28,0.9994,3.2,0.77,10.8,6.20335018130219
13.4,0.27,0.62,2.6,0.082,6,21,1.0002,3.16,0.67,9.7,5.92628883542115
10.2,0.67,0.39,1.9,0.054,6,17,0.9976,3.17,0.47,10,5.39723594482124
9.1,0.4,0.5,1.8,0.071,7,16,0.99462,3.21,0.69,12.5,6.55303292008719
7,0.59,0,1.7,0.052,3,8,0.996,3.41,0.47,10.3,5.49997532209403
10.4,0.26,0.48,1.9,0.066,6,10,0.99724,3.33,0.87,10.9,6.41317452092946
8.2,0.42,0.49,2.6,0.084,32,55,0.9988,3.34,0.75,8.7,5.35036289287905
12.5,0.37,0.55,2.6,0.083,25,68,0.9995,3.15,0.82,10.4,6.01946119663589
5.7,0.6,0,1.4,0.063,11,18,0.99191,3.45,0.56,12.2,6.05757591770397
5.6,0.5,0.09,2.3,0.049,17,99,0.9937,3.63,0.63,13,6.15546147524523
8.9,0.62,0.19,3.9,0.17,51,148,0.9986,3.17,0.93,9.2,5.13382472805544
7,0.62,0.18,1.5,0.062,7,50,0.9951,3.08,0.6,9.3,5.29408787705944
7.3,0.585,0.18,2.4,0.078,15,60,0.99638,3.31,0.54,9.8,5.28771230946778
9.3,0.27,0.41,2,0.091,6,16,0.998,3.28,0.7,9.7,5.8633707814766
8.8,0.4,0.4,2.2,0.079,19,52,0.998,3.44,0.64,9.2,5.39277803112653
8.1,0.78,0.1,3.3,0.09,4,13,0.99855,3.36,0.49,9.5,5.01230161118699
10,0.46,0.44,2.9,0.065,4,8,0.99674,3.33,0.62,12.2,6.33484200823007
9.1,0.785,0,2.6,0.093,11,28,0.9994,3.36,0.86,9.4,5.25913148330061
8.9,0.31,0.57,2,0.111,26,85,0.9971,3.26,0.53,9.7,5.46343238217249
6.1,0.4,0.16,1.8,0.069,11,25,0.9955,3.42,0.74,10.1,5.8129946341254
7.9,0.24,0.4,1.6,0.056,11,25,0.9967,3.32,0.87,8.7,5.79649109287486
7.8,0.56,0.12,2,0.082,7,28,0.997,3.37,0.5,9.4,5.22242040555386
7.1,0.34,0.28,2,0.082,31,68,0.99694,3.45,0.48,9.4,5.3393631325181
11.1,0.35,0.48,3.1,0.09,5,21,0.9986,3.17,0.53,10.5,5.90749950229185
11.2,0.67,0.55,2.3,0.084,6,13,1,3.17,0.71,9.5,5.39675726458786
5.8,0.61,0.11,1.8,0.066,18,28,0.99483,3.55,0.66,10.9,5.67275300512417
6.6,0.66,0,3,0.115,21,31,0.99629,3.45,0.63,10.3,5.39881339693401
10.7,0.4,0.37,1.9,0.081,17,29,0.99674,3.12,0.65,11.2,6.18074854539433
5.6,0.62,0.03,1.5,0.08,6,13,0.99498,3.66,0.62,10.1,5.35794373348803
7.2,0.62,0.01,2.3,0.065,8,46,0.99332,3.32,0.51,11.8,5.86708235599651
6,0.5,0.04,2.2,0.092,13,26,0.99647,3.46,0.47,10,5.37807019115575
7.9,0.35,0.21,1.9,0.073,46,102,0.9964,3.27,0.58,9.5,5.48574425345169
6.6,0.52,0.04,2.2,0.069,8,15,0.9956,3.4,0.63,9.4,5.4472288417911
10.2,0.23,0.37,2.2,0.057,14,36,0.99614,3.23,0.49,9.3,5.72350607684517
7,0.5,0.25,2,0.07,3,22,0.9963,3.25,0.63,9.2,5.41605495094716
6.7,0.64,0.23,2.1,0.08,11,119,0.99538,3.36,0.7,10.9,5.43601942358244
7.3,0.59,0.26,2,0.08,17,104,0.99584,3.28,0.52,9.9,5.16357840516203
7.3,0.58,0.3,2.4,0.074,15,55,0.9968,3.46,0.59,10.2,5.38760792564276
7,0.55,0.13,2.2,0.075,15,35,0.9959,3.36,0.59,9.7,5.40951931201422
6.8,0.61,0.2,1.8,0.077,11,65,0.9971,3.54,0.58,9.3,5.00781793744023
7.4,0.36,0.3,1.8,0.074,17,24,0.99419,3.24,0.7,11.4,6.28664161715396
7.3,0.735,0,2.2,0.08,18,28,0.99765,3.41,0.6,9.4,5.10048406568417
7.2,0.56,0.26,2,0.083,13,100,0.99586,3.26,0.52,9.9,5.20393537358428
7.8,0.43,0.7,1.9,0.464,22,67,0.9974,3.13,1.28,9.4,5.2638001075767
6.4,0.795,0,2.2,0.065,28,52,0.99378,3.49,0.52,11.6,5.53884337028982
11.6,0.41,0.54,1.5,0.095,22,41,0.99735,3.02,0.76,9.9,5.88437249502725
6.8,0.91,0.06,2,0.06,4,11,0.99592,3.53,0.64,10.9,5.34534686322236
7.5,0.51,0.02,1.7,0.084,13,31,0.99538,3.36,0.54,10.5,5.63891192185895
8.1,0.575,0.22,2.1,0.077,12,65,0.9967,3.29,0.51,9.2,5.10283911236853
7.6,0.42,0.08,2.7,0.084,15,48,0.9968,3.21,0.59,10,5.66416287160178
6.7,0.75,0.12,2,0.086,12,80,0.9958,3.38,0.52,10.1,5.03613869269461
13.7,0.415,0.68,2.9,0.085,17,43,1.0014,3.06,0.8,10,5.91822948905966
7.8,0.63,0.48,1.7,0.1,14,96,0.9961,3.19,0.62,9.5,5.08680720605993
8.5,0.34,0.4,4.7,0.055,3,9,0.99738,3.38,0.66,11.6,6.35092524059228
7.6,0.715,0,2.1,0.068,30,35,0.99533,3.48,0.65,11.4,5.74298222270626
7.9,0.53,0.24,2,0.072,15,105,0.996,3.27,0.54,9.4,5.14334055892767
7.1,0.59,0.02,2.3,0.082,24,94,0.99744,3.55,0.53,9.7,5.05089533632354
12,0.37,0.76,4.2,0.066,7,38,1.0004,3.22,0.6,13,6.57521411589563
6.2,0.46,0.29,2.1,0.074,32,98,0.99578,3.33,0.62,9.8,5.39748585178063
11.9,0.43,0.66,3.1,0.109,10,23,1,3.15,0.85,10.4,6.00789311190066
7.9,0.37,0.23,1.8,0.077,23,49,0.9963,3.28,0.67,9.3,5.58410302487087
12.6,0.38,0.66,2.6,0.088,10,41,1.001,3.17,0.68,9.8,5.72708707940673
6.8,0.47,0.08,2.2,0.064,18,38,0.99553,3.3,0.65,9.6,5.57989923704235
8.5,0.28,0.56,1.8,0.092,35,103,0.9969,3.3,0.75,10.5,5.87761306230034
8,0.38,0.44,1.9,0.098,6,15,0.9956,3.3,0.64,11.4,6.12379175933498
13.2,0.46,0.52,2.2,0.071,12,35,1.0006,3.1,0.56,9,5.41935729334914
8.9,0.12,0.45,1.8,0.075,10,21,0.99552,3.41,0.76,11.9,6.68185668011967
9.1,0.795,0,2.6,0.096,11,26,0.9994,3.35,0.83,9.4,5.2256594717597
7.5,0.77,0.2,8.1,0.098,30,92,0.99892,3.2,0.58,9.2,4.96197966301914
6.8,0.67,0.15,1.8,0.118,13,20,0.9954,3.42,0.67,11.3,5.68931560686551
6.4,0.42,0.09,2.3,0.054,34,64,0.99724,3.41,0.68,10.4,5.77379141967836
7.2,0.38,0.31,2,0.056,15,29,0.99472,3.23,0.76,11.3,6.29651528792903
7,0.6,0.3,4.5,0.068,20,110,0.99914,3.3,1.17,10.2,5.77974039467212
8.2,0.39,0.38,1.5,0.058,10,29,0.9962,3.26,0.74,9.8,5.81787577822916
6.2,0.39,0.43,2,0.071,14,24,0.99428,3.45,0.87,11.2,6.22395935532029
9.6,0.33,0.52,2.2,0.074,13,25,0.99509,3.36,0.76,12.4,6.59975658862412
10.3,0.27,0.24,2.1,0.072,15,33,0.9956,3.22,0.66,12.8,6.76459739002075
8.8,0.24,0.54,2.5,0.083,25,57,0.9983,3.39,0.54,9.2,5.49864796650396
8.9,0.745,0.18,2.5,0.077,15,48,0.99739,3.2,0.47,9.7,5.10633983417097
9.1,0.36,0.39,1.8,0.06,21,55,0.99495,3.18,0.82,11,6.2602566482967
7.1,0.68,0,2.3,0.087,17,26,0.99783,3.45,0.53,9.5,5.10417861081742
8.7,0.31,0.46,1.4,0.059,11,25,0.9966,3.36,0.76,10.1,5.97800286082336
6.3,0.55,0.15,1.8,0.077,26,35,0.99314,3.32,0.82,11.6,6.16947853697406
11.5,0.41,0.52,3,0.08,29,55,1.0001,3.26,0.88,11,6.17315787948342
10.1,0.65,0.37,5.1,0.11,11,65,1.0026,3.32,0.64,10.4,5.36063852932746
9.9,0.32,0.56,2,0.073,3,8,0.99534,3.15,0.73,11.4,6.42883253652954
8.2,1,0.09,2.3,0.065,7,37,0.99685,3.32,0.55,9,4.66932767549037
8,0.62,0.33,2.7,0.088,16,37,0.9972,3.31,0.58,10.7,5.56457065355507
6.7,0.54,0.13,2,0.076,15,36,0.9973,3.61,0.64,9.8,5.35288340198965
7.3,0.4,0.3,1.7,0.08,33,79,0.9969,3.41,0.65,9.5,5.42525883803935
7,0.69,0.08,1.8,0.097,22,89,0.9959,3.34,0.54,9.2,4.87715698699009
7.5,0.58,0.2,2,0.073,34,44,0.99494,3.1,0.43,9.3,5.26235010717347
7.6,0.31,0.34,2.5,0.082,26,35,0.99356,3.22,0.59,12.5,6.55142870359403
14,0.41,0.63,3.8,0.089,6,47,1.0014,3.01,0.81,10.8,6.15607323266789
10.4,0.33,0.63,2.8,0.084,5,22,0.9998,3.26,0.74,11.2,6.21536270110201
7.8,0.56,0.19,1.8,0.104,12,47,0.9964,3.19,0.93,9.5,5.59792825445187
6.5,0.51,0.15,3,0.064,12,27,0.9929,3.33,0.59,12.8,6.39396563595589
7.8,0.5,0.09,2.2,0.115,10,42,0.9971,3.18,0.62,9.5,5.40707709230452
6.9,0.84,0.21,4.1,0.074,16,65,0.99842,3.53,0.72,9.25,4.88428025061055
9.8,0.45,0.38,2.5,0.081,34,66,0.99726,3.15,0.58,9.8,5.58195094858173
10.5,0.26,0.47,1.9,0.078,6,24,0.9976,3.18,1.04,10.9,6.55020247561409
7.6,1.58,0,2.1,0.137,5,9,0.99476,3.5,0.4,10.9,4.24458414783066
7.7,0.51,0.28,2.1,0.087,23,54,0.998,3.42,0.74,9.2,5.32675912641855
9.6,0.32,0.47,1.4,0.056,9,24,0.99695,3.22,0.82,10.3,6.14237750536266
7.2,0.725,0.05,4.65,0.086,4,11,0.9962,3.41,0.39,10.9,5.41771965267885
9.1,0.775,0.22,2.2,0.079,12,48,0.9976,3.18,0.51,9.6,5.06548259756676
9.8,0.5,0.34,2.3,0.094,10,45,0.99864,3.24,0.6,9.7,5.44278321899496
8.8,0.33,0.41,5.9,0.073,7,13,0.99658,3.3,0.62,12.1,6.50126017119971
6.2,0.56,0.09,1.7,0.053,24,32,0.99402,3.54,0.6,11.3,5.83919475319957
11.5,0.59,0.59,2.6,0.087,13,49,0.9988,3.18,0.65,11,5.76885893123757
7.9,0.35,0.46,3.6,0.078,15,37,0.9973,3.35,0.86,12.8,6.69771592660154
10.2,0.29,0.49,2.6,0.059,5,13,0.9976,3.05,0.74,10.5,6.27676682355912
7.8,0.54,0.26,2,0.088,23,48,0.9981,3.41,0.74,9.2,5.31055609210373
8.3,0.65,0.1,2.9,0.089,17,40,0.99803,3.29,0.55,9.5,5.19981576343814
8,0.64,0.22,2.4,0.094,5,33,0.99612,3.37,0.58,11,5.5976375448344
5.6,0.5,0.09,2.3,0.049,17,99,0.9937,3.63,0.63,13,6.15546147524523
11.8,0.26,0.52,1.8,0.071,6,10,0.9968,3.2,0.72,10.2,6.16954798978388
6.1,0.56,0,2.2,0.079,6,9,0.9948,3.59,0.54,11.5,5.81025615011241
6.7,0.46,0.24,1.7,0.077,18,34,0.9948,3.39,0.6,10.6,5.75176947344708
9.3,0.39,0.44,2.1,0.107,34,125,0.9978,3.14,1.22,9.5,5.86471806447463
10.8,0.89,0.3,2.6,0.132,7,60,0.99786,2.99,1.18,10.2,5.61868300284346
8.4,0.36,0.32,2.2,0.081,32,79,0.9964,3.3,0.72,11,6.01442528035506
8.3,0.3,0.49,3.8,0.09,11,24,0.99498,3.27,0.64,12.1,6.47171589472751
10.8,0.4,0.41,2.2,0.084,7,17,0.9984,3.08,0.67,9.3,5.69284132090873
8.6,0.37,0.65,6.4,0.08,3,8,0.99817,3.27,0.58,11,6.08675353820694
7.6,0.685,0.23,2.3,0.111,20,84,0.9964,3.21,0.61,9.3,5.00599732444483
5.9,0.29,0.25,13.4,0.067,72,160,0.99721,3.33,0.54,10.3,5.79978577233822
7.7,0.715,0.01,2.1,0.064,31,43,0.99371,3.41,0.57,11.8,5.82317705344482
13.3,0.34,0.52,3.2,0.094,17,53,1.0014,3.05,0.81,9.5,5.85520634395544
7,0.975,0.04,2,0.087,12,67,0.99565,3.35,0.6,9.4,4.70964086178936
5.3,0.715,0.19,1.5,0.161,7,62,0.99395,3.62,0.61,11,5.18724998467876
7.6,0.36,0.31,1.7,0.079,26,65,0.99716,3.46,0.62,9.5,5.4590317386896
12.2,0.45,0.49,1.4,0.075,3,6,0.9969,3.13,0.63,10.4,5.9423564857279
6.4,0.865,0.03,3.2,0.071,27,58,0.995,3.61,0.49,12.7,5.64212153696084
5.6,0.66,0,2.2,0.087,3,11,0.99378,3.71,0.63,12.8,6.04554987290214
7.1,0.43,0.17,1.8,0.082,27,51,0.99634,3.49,0.64,10.4,5.6779159693501
10.4,0.575,0.61,2.6,0.076,11,24,1,3.16,0.69,9,5.34185833364637
6.2,0.56,0.09,1.7,0.053,24,32,0.99402,3.54,0.6,11.3,5.83919475319957
7.1,0.62,0.06,1.3,0.07,5,12,0.9942,3.17,0.48,9.8,5.40899370553083
8.6,0.8,0.11,2.3,0.084,12,31,0.9979,3.4,0.48,9.9,5.04175001238484
10.9,0.37,0.58,4,0.071,17,65,0.99935,3.22,0.78,10.1,5.89115163264761
6.4,0.57,0.12,2.3,0.12,25,36,0.99519,3.47,0.71,11.3,5.80648064211328
7.6,0.42,0.25,3.9,0.104,28,90,0.99784,3.15,0.57,9.1,5.28438888561644
9.9,0.5,0.5,13.8,0.205,48,82,1.00242,3.16,0.75,8.8,5.29320570792674
10.2,0.29,0.65,2.4,0.075,6,17,0.99565,3.22,0.63,11.8,6.43501248308068
7.2,0.52,0.07,1.4,0.074,5,20,0.9973,3.32,0.81,9.6,5.61888216110487
8.6,0.83,0,2.8,0.095,17,43,0.99822,3.33,0.6,10.4,5.23900927703664
11.9,0.38,0.49,2.7,0.098,12,42,1.0004,3.16,0.61,10.3,5.80185069761947
8,0.57,0.23,3.2,0.073,17,119,0.99675,3.26,0.57,9.3,5.07466247321987
8.9,0.48,0.24,2.85,0.094,35,106,0.9982,3.1,0.53,9.2,5.20696395435667
12.5,0.56,0.49,2.4,0.064,5,27,0.9999,3.08,0.87,10.9,6.10725366498461
10,0.56,0.24,2.2,0.079,19,58,0.9991,3.18,0.56,10.1,5.4780016414486
7.8,0.5,0.3,1.9,0.075,8,22,0.9959,3.31,0.56,10.4,5.66963716576212
7.8,0.61,0.29,1.6,0.114,9,29,0.9974,3.26,1.56,9.1,5.93864603751597
7.1,0.6,0.01,2.3,0.079,24,37,0.99514,3.4,0.61,10.9,5.70411979077848
9.5,0.86,0.26,1.9,0.079,13,28,0.99712,3.25,0.62,10,5.20305289141088
10,0.43,0.33,2.7,0.095,28,89,0.9984,3.22,0.68,10,5.60401043753354
7,0.54,0.09,2,0.081,10,16,0.99479,3.43,0.59,11.5,5.9291284605668
7.5,0.71,0,1.6,0.092,22,31,0.99635,3.38,0.58,10,5.27490429619772
7.1,0.67,0,2.3,0.083,18,27,0.99768,3.44,0.54,9.4,5.11117506099304
8.7,0.7,0.24,2.5,0.226,5,15,0.9991,3.32,0.6,9,4.79491259623
7.2,0.655,0.03,1.8,0.078,7,12,0.99587,3.34,0.39,9.5,5.11867642389534
7.3,0.52,0.32,2.1,0.07,51,70,0.99418,3.34,0.82,12.9,6.49644015257693
9.4,0.5,0.34,3.6,0.082,5,14,0.9987,3.29,0.52,10.7,5.74762487143019
9.3,0.4,0.49,2.5,0.085,38,142,0.9978,3.22,0.55,9.4,5.22428953948573
7.4,0.37,0.43,2.6,0.082,18,82,0.99708,3.33,0.68,9.7,5.5360018878204
7,0.58,0.12,1.9,0.091,34,124,0.9956,3.44,0.48,10.5,5.20088989137661
12.8,0.3,0.74,2.6,0.095,9,28,0.9994,3.2,0.77,10.8,6.20335018130219
6.5,0.615,0,1.9,0.065,9,18,0.9972,3.46,0.65,9.2,5.24072970274081
8.3,0.625,0.2,1.5,0.08,27,119,0.9972,3.16,1.12,9.1,5.43455247122008
8.2,0.5,0.35,2.9,0.077,21,127,0.9976,3.23,0.62,9.4,5.18876469905628
8.9,0.4,0.51,2.6,0.052,13,27,0.995,3.32,0.9,13.4,6.9506916248856
7.2,0.63,0,1.9,0.097,14,38,0.99675,3.37,0.58,9,5.0558835851111
7.6,0.645,0.03,1.9,0.086,14,57,0.9969,3.37,0.46,10.3,5.24936483918184
6.1,0.58,0.23,2.5,0.044,16,70,0.99352,3.46,0.65,12.5,6.10766451856821
9.5,0.46,0.49,6.3,0.064,5,17,0.9988,3.21,0.73,11,6.15803010970683
9.6,0.68,0.24,2.2,0.087,5,28,0.9988,3.14,0.6,10.2,5.4531023553983
6.8,0.36,0.32,1.8,0.067,4,8,0.9928,3.36,0.55,12.8,6.52985460670119
7.5,0.61,0.2,1.7,0.076,36,60,0.99494,3.1,0.4,9.3,5.14391219369559
7.3,0.67,0.02,2.2,0.072,31,92,0.99566,3.32,0.68,11.0666666666667,5.60952958831336
10,0.35,0.47,2,0.061,6,11,0.99585,3.23,0.52,12,6.36382431226809
6.7,0.86,0.07,2,0.1,20,57,0.99598,3.6,0.74,11.7,5.49143824691016
7.9,0.5,0.33,2,0.084,15,143,0.9968,3.2,0.55,9.5,5.08372864853265
8.8,0.31,0.4,2.8,0.109,7,16,0.99614,3.31,0.79,11.8,6.44901879997604
8,0.45,0.23,2.2,0.094,16,29,0.9962,3.21,0.49,10.2,5.62823195601552
7.6,0.74,0,1.9,0.1,6,12,0.99521,3.36,0.59,11,5.56019487868491
6.9,0.84,0.21,4.1,0.074,16,65,0.99842,3.53,0.72,9.23333333333333,4.87982181142683
8,0.25,0.43,1.7,0.067,22,50,0.9946,3.38,0.6,11.9,6.34825169012418
9.6,0.56,0.23,3.4,0.102,37,92,0.9996,3.3,0.65,10.1,5.40832493054763
7.8,0.735,0.08,2.4,0.092,10,41,0.9974,3.24,0.71,9.8,5.30212326391459
6.7,0.675,0.07,2.4,0.089,17,82,0.9958,3.35,0.54,10.1,5.16822753062556
7.2,0.57,0.06,1.6,0.076,9,27,0.9972,3.36,0.7,9.6,5.43855394025294
5.1,0.42,0,1.8,0.044,18,88,0.99157,3.68,0.73,13.6,6.54644718110477
5.2,0.48,0.04,1.6,0.054,19,106,0.9927,3.54,0.62,12.2,5.96454017214137
7.1,0.43,0.42,5.5,0.071,28,128,0.9973,3.42,0.71,10.5,5.62497804133037
7.5,0.63,0.27,2,0.083,17,91,0.99616,3.26,0.58,9.8,5.17854655230709
7.4,0.63,0.07,2.4,0.09,11,37,0.9979,3.43,0.76,9.7,5.37230514080851
7.8,0.7,0.06,1.9,0.079,20,35,0.99628,3.4,0.69,10.9,5.63043411363814
7.4,0.58,0,2,0.064,7,11,0.99562,3.45,0.58,11.3,5.85494677129435
9,0.785,0.24,1.7,0.078,10,21,0.99692,3.29,0.67,10,5.32861005937843
8.8,0.6,0.29,2.2,0.098,5,15,0.9988,3.36,0.49,9.1,5.07156363043967
10.7,0.35,0.53,2.6,0.07,5,16,0.9972,3.15,0.65,11,6.20402636260088
5,0.38,0.01,1.6,0.048,26,60,0.99084,3.7,0.75,14,6.80838646325121
7.1,0.43,0.42,5.5,0.071,28,128,0.9973,3.42,0.71,10.5,5.62497804133037
11.1,0.42,0.47,2.65,0.085,9,34,0.99736,3.24,0.77,12.1,6.41789586741663
8.1,0.87,0,2.2,0.084,10,31,0.99656,3.25,0.5,9.8,5.02369333602824
10.4,0.38,0.46,2.1,0.104,6,10,0.99664,3.12,0.65,11.8,6.34818118376346
6.7,0.46,0.24,1.7,0.077,18,34,0.9948,3.39,0.6,10.6,5.75176947344708
6.4,0.38,0.14,2.2,0.038,15,25,0.99514,3.44,0.65,11.1,6.10965330916989
12.8,0.615,0.66,5.8,0.083,7,42,1.0022,3.07,0.73,10,5.63301815699123
6.7,0.76,0.02,1.8,0.078,6,12,0.996,3.55,0.63,9.95,5.21978216730168
7.1,0.46,0.14,2.8,0.076,15,37,0.99624,3.36,0.49,10.7,5.7015635166043
7.7,0.43,0.25,2.6,0.073,29,63,0.99615,3.37,0.58,10.5,5.7112862757093
8.1,0.67,0.55,1.8,0.117,32,141,0.9968,3.17,0.62,9.4,4.87760254637577
7.7,0.39,0.12,1.7,0.097,19,27,0.99596,3.16,0.49,9.4,5.51096342897173
9.8,0.66,0.39,3.2,0.083,21,59,0.9989,3.37,0.71,11.5,5.78371391758992
7.1,0.48,0.28,2.8,0.068,6,16,0.99682,3.24,0.53,10.3,5.68900459369937
6.9,0.57,0,2.8,0.081,21,41,0.99518,3.41,0.52,10.8,5.61845748656617
7.4,0.49,0.27,2.1,0.071,14,25,0.99388,3.35,0.63,12,6.19727908394043
6.9,0.74,0.03,2.3,0.054,7,16,0.99508,3.45,0.63,11.5,5.76348722644946
5.6,0.605,0.05,2.4,0.073,19,25,0.99258,3.56,0.55,12.9,6.1663734441235
7.1,0.43,0.42,5.5,0.07,29,129,0.9973,3.42,0.72,10.5,5.63440791734898
6.9,0.45,0.11,2.4,0.043,6,12,0.99354,3.3,0.65,11.4,6.21647940223032
6.8,0.64,0,2.7,0.123,15,33,0.99538,3.44,0.63,11.3,5.67405542536208
7.9,0.4,0.29,1.8,0.157,1,44,0.9973,3.3,0.92,9.5,5.6034816613039
6.6,0.61,0.01,1.9,0.08,8,25,0.99746,3.69,0.73,10.5,5.51662425262409
8.1,1.33,0,1.8,0.082,3,12,0.9964,3.54,0.48,10.9,4.66790166070443
10,0.41,0.45,6.2,0.071,6,14,0.99702,3.21,0.49,11.8,6.26706399864374
6.8,0.69,0,5.6,0.124,21,58,0.9997,3.46,0.72,10.2,5.31484491523202
5,0.42,0.24,2,0.06,19,50,0.9917,3.72,0.74,14,6.70845593263907
5.9,0.645,0.12,2,0.075,32,44,0.99547,3.57,0.71,10.2,5.43530424738803
8.2,0.78,0,2.2,0.089,13,26,0.9978,3.37,0.46,9.6,4.99034629606041
7.5,0.52,0.16,1.9,0.085,12,35,0.9968,3.38,0.62,9.5,5.37062711271623
7.2,0.33,0.33,1.7,0.061,3,13,0.996,3.23,1.1,10,6.28450495307803
12.9,0.5,0.55,2.8,0.072,7,24,1.00012,3.09,0.68,10.9,6.01898186535878
6.8,0.66,0.07,1.6,0.07,16,61,0.99572,3.29,0.6,9.3,5.13036468652456
7.2,0.605,0.02,1.9,0.096,10,31,0.995,3.46,0.53,11.8,5.79899215734862
6.9,0.41,0.33,2.2,0.081,22,36,0.9949,3.41,0.75,11.1,6.06533235087481
8.9,0.28,0.45,1.7,0.067,7,12,0.99354,3.25,0.55,12.3,6.54603522178564
9.2,0.63,0.21,2.7,0.097,29,65,0.9988,3.28,0.58,9.6,5.20418406189135
5.2,0.34,0,1.8,0.05,27,63,0.9916,3.68,0.79,14,6.8849908705791
7.2,0.835,0,2,0.166,4,11,0.99608,3.39,0.52,10,4.95898590858457
10.4,0.43,0.5,2.3,0.068,13,19,0.996,3.1,0.87,11.4,6.44278538235623
7.7,0.58,0.01,1.8,0.088,12,18,0.99568,3.32,0.56,10.5,5.61862386006847
9.1,0.68,0.11,2.8,0.093,11,44,0.99888,3.31,0.55,9.5,5.1226520494396
6.8,0.62,0.08,1.9,0.068,28,38,0.99651,3.42,0.82,9.5,5.45788769936716
10.2,0.44,0.58,4.1,0.092,11,24,0.99745,3.29,0.99,12,6.55714690458208
9.8,0.34,0.39,1.4,0.066,3,7,0.9947,3.19,0.55,11.4,6.26333844068834
9,0.45,0.49,2.6,0.084,21,75,0.9987,3.35,0.57,9.7,5.35957066380104
7.7,0.6,0.06,2,0.079,19,41,0.99697,3.39,0.62,10.1,5.4506280504941
8.4,0.745,0.11,1.9,0.09,16,63,0.9965,3.19,0.82,9.6,5.31319380133909
7.3,0.67,0.26,1.8,0.401,16,51,0.9969,3.16,1.14,9.4,5.03595891496077
6.6,0.58,0,2.2,0.1,50,63,0.99544,3.59,0.68,11.4,5.76391938390161
6.2,0.43,0.22,1.8,0.078,21,56,0.99633,3.52,0.6,9.5,5.34869886997336
7.3,0.44,0.2,1.6,0.049,24,64,0.9935,3.38,0.57,11.7,6.0592506253535
11.4,0.6,0.49,2.7,0.085,10,41,0.9994,3.15,0.63,10.5,5.63965524139555
7.3,0.33,0.47,2.1,0.077,5,11,0.9958,3.33,0.53,10.3,5.81816427452682
6.6,0.815,0.02,2.7,0.072,17,34,0.9955,3.58,0.89,12.3,5.98528480053763
9.9,0.4,0.53,6.7,0.097,6,19,0.9986,3.27,0.82,11.7,6.42083718119004
11.5,0.42,0.48,2.6,0.077,8,20,0.99852,3.09,0.53,11,6.0201363237911
8.2,0.74,0.09,2,0.067,5,10,0.99418,3.28,0.57,11.8,5.87828523143511
12.7,0.6,0.65,2.3,0.063,6,25,0.9997,3.03,0.57,9.9,5.5541531920926
10.1,0.45,0.23,1.9,0.082,10,18,0.99774,3.22,0.65,9.3,5.57412492482443
6.3,0.51,0.13,2.3,0.076,29,40,0.99574,3.42,0.75,11,5.92036274846624
9.9,0.35,0.38,1.5,0.058,31,47,0.99676,3.26,0.82,10.6,6.16161647978461
7.8,0.52,0.25,1.9,0.081,14,38,0.9984,3.43,0.65,9,5.21563156199192
7.7,0.665,0,2.4,0.09,8,19,0.9974,3.27,0.73,9.3,5.33023700722768
4.7,0.6,0.17,2.3,0.058,17,106,0.9932,3.85,0.6,12.9,5.8383723232902
6.2,0.36,0.24,2.2,0.095,19,42,0.9946,3.57,0.57,11.7,6.01828407942297
8.1,0.38,0.28,2.1,0.066,13,30,0.9968,3.23,0.73,9.7,5.80549977625614
10.2,0.67,0.39,1.9,0.054,6,17,0.9976,3.17,0.47,10,5.39723594482124
6.3,0.39,0.08,1.7,0.066,3,20,0.9954,3.34,0.58,9.4,5.54916999304345
8.3,1.02,0.02,3.4,0.084,6,11,0.99892,3.48,0.49,11,5.10383884476307
7.1,0.68,0,2.2,0.073,12,22,0.9969,3.48,0.5,9.3,5.05507518668596
9.5,0.46,0.24,2.7,0.092,14,44,0.998,3.12,0.74,10,5.77699524805556
8,0.18,0.37,0.9,0.049,36,109,0.99007,2.89,0.44,12.7,6.65427236983718
9.1,0.5,0.3,1.9,0.065,8,17,0.99774,3.32,0.71,10.5,5.85006649903514
10.9,0.21,0.49,2.8,0.088,11,32,0.9972,3.22,0.68,11.7,6.50115964651816
5.1,0.51,0.18,2.1,0.042,16,101,0.9924,3.46,0.87,12.9,6.39280924149717
5.6,0.54,0.04,1.7,0.049,5,13,0.9942,3.72,0.58,11.4,5.81809420095188
7.2,0.63,0,1.9,0.097,14,38,0.99675,3.37,0.58,9,5.0558835851111
7.9,0.3,0.68,8.3,0.05,37.5,278,0.99316,3.01,0.51,12.3,5.98644842979066
6.8,0.61,0.04,1.5,0.057,5,10,0.99525,3.42,0.6,9.5,5.35738991587084
7.7,0.28,0.3,2,0.062,18,34,0.9952,3.28,0.9,11.3,6.50025345042816
7,0.685,0,1.9,0.067,40,63,0.9979,3.6,0.81,9.9,5.34526979908417
7.4,0.55,0.19,1.8,0.082,15,34,0.99655,3.49,0.68,10.5,5.62089433786478
7.3,1.07,0.09,1.7,0.178,10,89,0.9962,3.3,0.57,9,4.22414342003521
7.5,0.42,0.31,1.6,0.08,15,42,0.9978,3.31,0.64,9,5.35950248598293
7.6,0.55,0.21,2.2,0.071,7,28,0.9964,3.28,0.55,9.7,5.41573428408849
7.2,0.63,0,1.9,0.097,14,38,0.99675,3.37,0.58,9,5.0558835851111
8.9,0.61,0.49,2,0.27,23,110,0.9972,3.12,1.02,9.3,5.08990256704607
6.6,0.63,0,4.3,0.093,51,77.5,0.99558,3.2,0.45,9.5,5.16940361813527
9.6,0.38,0.31,2.5,0.096,16,49,0.9982,3.19,0.7,10,5.78084226727432
6.7,1.04,0.08,2.3,0.067,19,32,0.99648,3.52,0.57,11,5.10530311228299
7.6,0.41,0.49,2,0.088,16,43,0.998,3.48,0.64,9.1,5.30438882786716
11.3,0.34,0.45,2,0.082,6,15,0.9988,2.94,0.66,9.2,5.78893709804019
8,0.58,0.28,3.2,0.066,21,114,0.9973,3.22,0.54,9.4,5.10171587573632
9.1,0.4,0.57,4.6,0.08,6,20,0.99652,3.28,0.57,12.5,6.41482133411187
7.9,0.66,0,1.4,0.096,6,13,0.99569,3.43,0.58,9.5,5.2112409717104
7.8,0.53,0.01,1.6,0.077,3,19,0.995,3.16,0.46,9.8,5.4791741661135
7.2,0.695,0.13,2,0.076,12,20,0.99546,3.29,0.54,10.1,5.36980621985471
8.3,0.26,0.42,2,0.08,11,27,0.9974,3.21,0.8,9.4,5.89513179934443
7.3,0.43,0.24,2.5,0.078,27,67,0.99648,3.6,0.59,11.1,5.74852799714398
6.8,0.68,0.21,2.1,0.07,9,23,0.99546,3.38,0.6,10.3,5.43960298940113
10.2,0.36,0.64,2.9,0.122,10,41,0.998,3.23,0.66,12.5,6.37837398678648
6.5,0.4,0.1,2,0.076,30,47,0.99554,3.36,0.48,9.4,5.40379307024121
8,0.52,0.03,1.7,0.07,10,35,0.99575,3.34,0.57,10,5.53811321560518
7.2,0.66,0.03,2.3,0.078,16,86,0.99743,3.53,0.57,9.7,5.02491976531279
7.9,0.6,0.06,1.6,0.069,15,59,0.9964,3.3,0.46,9.4,5.12416705024992
8.1,0.87,0,3.3,0.096,26,61,1.00025,3.6,0.72,9.8,4.95403556790235
7.9,0.72,0.01,1.9,0.076,7,32,0.99668,3.39,0.54,9.6,5.12328347967382
5.7,1.13,0.09,1.5,0.172,7,19,0.994,3.5,0.48,9.8,4.42456971432007
7.4,0.635,0.1,2.4,0.08,16,33,0.99736,3.58,0.69,10.8,5.58808555811983
8.9,0.22,0.48,1.8,0.077,29,60,0.9968,3.39,0.53,9.4,5.59578261174383
7.7,0.715,0.01,2.1,0.064,31,43,0.99371,3.41,0.57,11.8,5.82317705344482
7.7,0.58,0.1,1.8,0.102,28,109,0.99565,3.08,0.49,9.8,5.19065743195182
8.8,0.66,0.26,1.7,0.074,4,23,0.9971,3.15,0.74,9.2,5.36239823393628
7.8,0.53,0.04,1.7,0.076,17,31,0.9964,3.33,0.56,10,5.52009699561119
8.6,0.315,0.4,2.2,0.079,3,6,0.99512,3.27,0.67,11.9,6.46184741598663
11.9,0.4,0.65,2.15,0.068,7,27,0.9988,3.06,0.68,11.3,6.23550847496675
6.9,0.51,0.23,2,0.072,13,22,0.99438,3.4,0.84,11.2,6.10685636462825
8.9,0.875,0.13,3.45,0.088,4,14,0.9994,3.44,0.52,11.5,5.42893280333338
7.9,0.3,0.68,8.3,0.05,37.5,289,0.99316,3.01,0.51,12.3,5.95340587240079
9.8,0.3,0.39,1.7,0.062,3,9,0.9948,3.14,0.57,11.5,6.38215317998095
8.9,0.48,0.53,4,0.101,3,10,0.99586,3.21,0.59,12.1,6.23750689884801
8.2,0.33,0.32,2.8,0.067,4,12,0.99473,3.3,0.76,12.8,6.77564900347584
6.7,0.54,0.13,2,0.076,15,36,0.9973,3.61,0.64,9.8,5.35288340198965
11.1,0.18,0.48,1.5,0.068,7,15,0.9973,3.22,0.64,10.1,6.13106490471734
7.1,0.31,0.3,2.2,0.053,36,127,0.9965,2.94,1.62,9.5,6.47670848442495
8,0.42,0.17,2,0.073,6,18,0.9972,3.29,0.61,9.2,5.50553758960088
7.4,0.49,0.19,3,0.077,16,37,0.9966,3.37,0.51,10.5,5.62439740816766
7.2,0.52,0.07,1.4,0.074,5,20,0.9973,3.32,0.81,9.6,5.61888216110487
6.3,0.68,0.01,3.7,0.103,32,54,0.99586,3.51,0.66,11.3,5.6350337780638
9.1,0.47,0.49,2.6,0.094,38,106,0.9982,3.08,0.59,9.1,5.23144737206575
8.8,0.55,0.04,2.2,0.119,14,56,0.9962,3.21,0.6,10.9,5.69042257663515
6.5,0.46,0.14,2.4,0.114,9,37,0.99732,3.66,0.65,9.8,5.35504375495718
15.9,0.36,0.65,7.5,0.096,22,71,0.9976,2.98,0.84,14.9,7.4794453546745
7,0.745,0.12,1.8,0.114,15,64,0.99588,3.22,0.59,9.5,5.00635355699364
7,0.78,0.08,2,0.093,10,19,0.9956,3.4,0.47,10,5.10162739226635
8.1,0.575,0.22,2.1,0.077,12,65,0.9967,3.29,0.51,9.2,5.10283911236853
8.5,0.44,0.5,1.9,0.369,15,38,0.99634,3.01,1.1,9.4,5.45064451376011
10.6,0.44,0.68,4.1,0.114,6,24,0.997,3.06,0.66,13.4,6.6953046525612
11.1,0.44,0.42,2.2,0.064,14,19,0.99758,3.25,0.57,10.4,5.85022188049047
8.7,0.54,0.26,2.5,0.097,7,31,0.9976,3.27,0.6,9.3,5.31310458002379
8.1,0.78,0.23,2.6,0.059,5,15,0.997,3.37,0.56,11.3,5.60209390288248
6.4,0.39,0.33,3.3,0.046,12,53,0.99294,3.36,0.62,12.2,6.3350913866195
9.9,0.59,0.07,3.4,0.102,32,71,1.00015,3.31,0.71,9.8,5.40466578241351
7.1,0.46,0.2,1.9,0.077,28,54,0.9956,3.37,0.64,10.4,5.70332874365203
7.4,0.64,0.07,1.8,0.1,8,23,0.9961,3.3,0.58,9.6,5.26530366738026
6.1,0.715,0.1,2.6,0.053,13,27,0.99362,3.57,0.5,11.9,5.73085742804011
9.6,0.41,0.37,2.3,0.091,10,23,0.99786,3.24,0.56,10.5,5.80969065789756
7.6,0.62,0.32,2.2,0.082,7,54,0.9966,3.36,0.52,9.4,5.07992107660779
8.1,0.725,0.22,2.2,0.072,11,41,0.9967,3.36,0.55,9.1,4.98213468729577
7,0.56,0.13,1.6,0.077,25,42,0.99629,3.34,0.59,9.2,5.2469184747428
8.4,0.62,0.12,1.8,0.072,38,46,0.99504,3.38,0.89,11.8,6.18799010819362
11.6,0.42,0.53,3.3,0.105,33,98,1.001,3.2,0.95,9.2,5.58715066719441
11.4,0.625,0.66,6.2,0.088,6,24,0.9988,3.11,0.99,13.3,6.78979113559608
8.2,0.24,0.34,5.1,0.062,8,22,0.9974,3.22,0.94,10.9,6.55384056224664
7.3,0.55,0.03,1.6,0.072,17,42,0.9956,3.37,0.48,9,5.12065497095456
6.6,0.84,0.03,2.3,0.059,32,48,0.9952,3.52,0.56,12.3,5.70464325930955
7.7,0.43,0.25,2.6,0.073,29,63,0.99615,3.37,0.58,10.5,5.7112862757093
9.6,0.6,0.5,2.3,0.079,28,71,0.9997,3.5,0.57,9.7,5.14110182991554
5.6,0.615,0,1.6,0.089,16,59,0.9943,3.58,0.52,9.9,5.13813387874627
8.2,0.39,0.49,2.3,0.099,47,133,0.9979,3.38,0.99,9.8,5.64570102428086
7.1,0.59,0,2.1,0.091,9,14,0.99488,3.42,0.55,11.5,5.83487241551889
7.5,0.725,0.04,1.5,0.076,8,15,0.99508,3.26,0.53,9.6,5.22030488369699
7.9,0.18,0.4,2.2,0.049,38,67,0.996,3.33,0.93,11.3,6.57804941634492
10,0.73,0.43,2.3,0.059,15,31,0.9966,3.15,0.57,11,5.66927010567743
5.3,0.47,0.11,2.2,0.048,16,89,0.99182,3.54,0.88,13.6,6.65285388727367
10,0.56,0.24,2.2,0.079,19,58,0.9991,3.18,0.56,10.1,5.4780016414486
9.7,0.53,0.6,2,0.039,5,19,0.99585,3.3,0.86,12.4,6.51176651528865
11.9,0.57,0.5,2.6,0.082,6,32,1.0006,3.12,0.78,10.7,5.88123406408777
9.1,0.76,0.68,1.7,0.414,18,64,0.99652,2.9,1.33,9.1,5.05164570552294
8.3,0.26,0.42,2,0.08,11,27,0.9974,3.21,0.8,9.4,5.89513179934443
8.2,0.26,0.34,2.5,0.073,16,47,0.99594,3.4,0.78,11.3,6.31524632453497
7.3,0.51,0.18,2.1,0.07,12,28,0.99768,3.52,0.73,9.5,5.45422422746457
11.6,0.475,0.4,1.4,0.091,6,28,0.99704,3.07,0.65,10.0333333333333,5.75878411701411
9.1,0.28,0.48,1.8,0.067,26,46,0.9967,3.32,1.04,10.6,6.36819685872725
7.7,0.41,0.76,1.8,0.611,8,45,0.9968,3.06,1.26,9.4,5.05794127934655
8.3,0.85,0.14,2.5,0.093,13,54,0.99724,3.36,0.54,10.1,5.02397860855071
9.2,0.755,0.18,2.2,0.148,10,103,0.9969,2.87,1.36,10.2,5.81713693833031
6.6,0.57,0.02,2.1,0.115,6,16,0.99654,3.38,0.69,9.5,5.3622460113382
8.4,0.65,0.6,2.1,0.112,12,90,0.9973,3.2,0.52,9.2,4.87324443075091
5.9,0.44,0,1.6,0.042,3,11,0.9944,3.48,0.85,11.7,6.36556578982328
11.9,0.38,0.49,2.7,0.098,12,42,1.0004,3.16,0.61,10.3,5.80185069761947
10.7,0.52,0.38,2.6,0.066,29,56,0.99577,3.15,0.79,12.1,6.38549759913626
11.6,0.41,0.54,1.5,0.095,22,41,0.99735,3.02,0.76,9.9,5.88437249502725
7.3,0.48,0.32,2.1,0.062,31,54,0.99728,3.3,0.65,10,5.61143269938785
7.7,0.935,0.43,2.2,0.114,22,114,0.997,3.25,0.73,9.2,4.64064288777867
8.6,0.33,0.4,2.6,0.083,16,68,0.99782,3.3,0.48,9.4,5.39642814157738
8.3,0.65,0.1,2.9,0.089,17,40,0.99803,3.29,0.55,9.5,5.19981576343814
11,0.26,0.68,2.55,0.085,10,25,0.997,3.18,0.61,11.8,6.4291950601702
9.9,0.57,0.25,2,0.104,12,89,0.9963,3.04,0.9,10.1,5.69684319551278
8.2,0.35,0.33,2.4,0.076,11,47,0.99599,3.27,0.81,11,6.18534798834979
6.7,0.46,0.24,1.7,0.077,18,34,0.9948,3.39,0.6,10.6,5.75176947344708
7.7,0.96,0.2,2,0.047,15,60,0.9955,3.36,0.44,10.9,5.09229842806287
7.2,0.36,0.46,2.1,0.074,24,44,0.99534,3.4,0.85,11,6.16561295926926
9.3,0.32,0.57,2,0.074,27,65,0.9969,3.28,0.79,10.7,6.07665580266595
7.9,0.52,0.26,1.9,0.079,42,140,0.9964,3.23,0.54,9.5,5.12269685504136
10.9,0.32,0.52,1.8,0.132,17,44,0.99734,3.28,0.77,11.5,6.23217470320106
7.4,0.55,0.19,1.8,0.082,15,34,0.99655,3.49,0.68,10.5,5.62089433786478
9,0.43,0.34,2.5,0.08,26,86,0.9987,3.38,0.62,9.5,5.35820206598254
7,0.57,0.02,2,0.072,17,26,0.99575,3.36,0.61,10.2,5.58171369359398
7.7,0.58,0.01,1.8,0.088,12,18,0.99568,3.32,0.56,10.5,5.61862386006847
7.5,0.49,0.2,2.6,0.332,8,14,0.9968,3.21,0.9,10.5,5.57925496375353
7.8,0.44,0.28,2.7,0.1,18,95,0.9966,3.22,0.67,9.4,5.36587952252231
9.3,0.775,0.27,2.8,0.078,24,56,0.9984,3.31,0.67,10.6,5.4187606204167
12.4,0.4,0.51,2,0.059,6,24,0.9994,3.04,0.6,9.3,5.6747630223428
9.7,0.32,0.54,2.5,0.094,28,83,0.9984,3.28,0.82,9.6,5.71500858582989
8.5,0.655,0.49,6.1,0.122,34,151,1.001,3.31,1.14,9.3,5.26081413646578
9.9,0.59,0.07,3.4,0.102,32,71,1.00015,3.31,0.71,9.8,5.40466578241351
7,0.62,0.1,1.4,0.071,27,63,0.996,3.28,0.61,9.2,5.17070954435949
11.7,0.28,0.47,1.7,0.054,17,32,0.99686,3.15,0.67,10.6,6.21724718200798
7.7,0.67,0.23,2.1,0.088,17,96,0.9962,3.32,0.48,9.5,4.92547942910771
9,0.44,0.49,2.4,0.078,26,121,0.9978,3.23,0.58,9.2,5.18803381741784
8.8,0.61,0.14,2.4,0.067,10,42,0.9969,3.19,0.59,9.5,5.358115075382
6.7,0.48,0.02,2.2,0.08,36,111,0.99524,3.1,0.53,9.7,5.36653845962316
8.1,0.785,0.52,2,0.122,37,153,0.9969,3.21,0.69,9.3,4.7252816044324
7.8,0.82,0.29,4.3,0.083,21,64,0.99642,3.16,0.53,9.4,4.97764364712446
8.7,0.69,0.31,3,0.086,23,81,1.0002,3.48,0.74,11.6,5.64759107232899
8.3,0.54,0.28,1.9,0.077,11,40,0.9978,3.39,0.61,10,5.45340095523914
6.9,0.36,0.25,2.4,0.098,5,16,0.9964,3.41,0.6,10.1,5.71151574040587
8.8,0.41,0.64,2.2,0.093,9,42,0.9986,3.54,0.66,10.5,5.65557508957223
6.4,0.4,0.23,1.6,0.066,5,12,0.9958,3.34,0.56,9.2,5.4728211907247
9.5,0.59,0.44,2.3,0.071,21,68,0.9992,3.46,0.63,9.5,5.18937653281297
9.5,0.57,0.27,2.3,0.082,23,144,0.99782,3.27,0.55,9.4,4.98877142109523
6.5,0.52,0.11,1.8,0.073,13,38,0.9955,3.34,0.52,9.3,5.26758893796387
6.3,0.47,0,1.4,0.055,27,33,0.9922,3.45,0.48,12.3,6.18311727073632
10,0.58,0.22,1.9,0.08,9,32,0.9974,3.13,0.55,9.5,5.38459455398771
7.4,0.785,0.19,5.2,0.094,19,98,0.99713,3.16,0.52,9.6,4.94786273973975
12.5,0.46,0.49,4.5,0.07,26,49,0.9981,3.05,0.57,9.6,5.67748854714299
9.6,0.88,0.28,2.4,0.086,30,147,0.9979,3.24,0.53,9.4,4.60659308690395
5.6,0.31,0.78,13.9,0.074,23,92,0.99677,3.39,0.48,10.5,5.80731194468562
8.7,0.52,0.09,2.5,0.091,20,49,0.9976,3.34,0.86,10.6,5.87936715917478
6.2,0.58,0,1.6,0.065,8,18,0.9966,3.56,0.84,9.4,5.45457849630086
7.8,0.43,0.32,2.8,0.08,29,58,0.9974,3.31,0.64,10.3,5.71328017720464
6.3,1.02,0,2,0.083,17,24,0.99437,3.59,0.55,11.2,5.1562797245055
6.4,0.56,0.15,1.8,0.078,17,65,0.99294,3.33,0.6,10.5,5.56659238735261
7.7,1.005,0.15,2.1,0.102,11,32,0.99604,3.23,0.48,10,4.85265164129837
6.6,0.735,0.02,7.9,0.122,68,124,0.9994,3.47,0.53,9.9,4.96280860747742
6.1,0.64,0.02,2.4,0.069,26,46,0.99358,3.47,0.45,11,5.52081839497494
7.5,0.58,0.03,4.1,0.08,27,46,0.99592,3.02,0.47,9.2,5.31509402727723
9.2,0.54,0.31,2.3,0.112,11,38,0.99699,3.24,0.56,10.9,5.6883417131362
7.6,0.39,0.31,2.3,0.082,23,71,0.9982,3.52,0.65,9.7,5.44404890053398
8.8,0.59,0.18,2.9,0.089,12,74,0.99738,3.14,0.54,9.4,5.19802015969772
10,0.26,0.54,1.9,0.083,42,74,0.99451,2.98,0.63,11.8,6.46707000340363
6.4,0.64,0.21,1.8,0.081,14,31,0.99689,3.59,0.66,9.8,5.24856173997819
7,0.57,0,2,0.19,12,45,0.99676,3.31,0.6,9.4,5.07316489980881
8.3,0.6,0.13,2.6,0.085,6,24,0.9984,3.31,0.59,9.2,5.22441183271615
7.4,0.35,0.33,2.4,0.068,9,26,0.9947,3.36,0.6,11.9,6.29059218579104
6.7,0.46,0.24,1.7,0.077,18,34,0.9948,3.39,0.6,10.6,5.75176947344708
8.6,0.725,0.24,6.6,0.117,31,134,1.0014,3.32,1.07,9.3,5.1976443592999
8.3,0.61,0.3,2.1,0.084,11,50,0.9972,3.4,0.61,10.2,5.38711952862431
8.8,0.45,0.43,1.4,0.076,12,21,0.99551,3.21,0.75,10.2,5.89088537138775
7.4,0.25,0.29,2.2,0.054,19,49,0.99666,3.4,0.76,10.9,6.20938988808426
9.9,0.54,0.45,2.3,0.071,16,40,0.9991,3.39,0.62,9.4,5.32553540090345
7.2,0.49,0.24,2.2,0.07,5,36,0.996,3.33,0.48,9.4,5.29815571023953
10.8,0.45,0.33,2.5,0.099,20,38,0.99818,3.24,0.71,10.8,5.9565098389676
8.9,0.84,0.34,1.4,0.05,4,10,0.99554,3.12,0.48,9.1,5.0051983471318
9.2,0.43,0.52,2.3,0.083,14,23,0.9976,3.35,0.61,11.3,6.00302383196697
10,0.49,0.2,11,0.071,13,50,1.0015,3.16,0.69,9.2,5.62675952873575
12.1,0.4,0.52,2,0.092,15,54,1,3.03,0.66,10.2,5.81886768663595
10.7,0.67,0.22,2.7,0.107,17,34,1.0004,3.28,0.98,9.9,5.63037524272835
9.3,0.48,0.29,2.1,0.127,6,16,0.9968,3.22,0.72,11.2,6.01644698458912
7.9,0.19,0.42,1.6,0.057,18,30,0.994,3.29,0.69,11.2,6.42436013189599
6.9,0.49,0.19,1.7,0.079,13,26,0.99547,3.38,0.64,9.8,5.54752135649185
8.2,0.51,0.24,2,0.079,16,86,0.99764,3.34,0.64,9.5,5.27637342834201
6.2,0.65,0.06,1.6,0.05,6,18,0.99348,3.57,0.54,11.95,5.86226881341402
7.8,0.48,0.68,1.7,0.415,14,32,0.99656,3.09,1.06,9.1,5.1446057287038
7.8,0.56,0.19,2.1,0.081,15,105,0.9962,3.33,0.54,9.5,5.09449905613604
8.4,0.37,0.53,1.8,0.413,9,26,0.9979,3.06,1.06,9.1,5.30861691403889
11.8,0.38,0.55,2.1,0.071,5,19,0.9986,3.11,0.62,10.8,6.07930765648516
11.6,0.475,0.4,1.4,0.091,6,28,0.99704,3.07,0.65,10.0333333333333,5.75878411701411
7.5,0.685,0.07,2.5,0.058,5,9,0.99632,3.38,0.55,10.9,5.63058360232884
8.9,0.12,0.45,1.8,0.075,10,21,0.99552,3.41,0.76,11.9,6.68185668011967
7,0.5,0.14,1.8,0.078,10,23,0.99636,3.53,0.61,10.4,5.60980314726384
7.5,0.59,0.22,1.8,0.082,43,60,0.99499,3.1,0.42,9.2,5.16050176688765
9.5,0.37,0.52,2,0.082,6,26,0.998,3.18,0.51,9.5,5.54621728072633
10.8,0.32,0.44,1.6,0.063,16,37,0.9985,3.22,0.78,10,5.99531919450505
6.5,0.885,0,2.3,0.166,6,12,0.99551,3.56,0.51,10.8,5.03912981604894
8.9,0.48,0.53,4,0.101,3,10,0.99586,3.21,0.59,12.1,6.23750689884801
8.2,0.73,0.21,1.7,0.074,5,13,0.9968,3.2,0.52,9.5,5.17970698215417
6.2,0.7,0.15,5.1,0.076,13,27,0.99622,3.54,0.6,11.9,5.81164142650897
8.6,0.42,0.39,1.8,0.068,6,12,0.99516,3.35,0.69,11.7,6.26646654289334
6.1,0.48,0.09,1.7,0.078,18,30,0.99402,3.45,0.54,11.2,5.83867300348121
7.6,0.63,0.03,2,0.08,27,43,0.99578,3.44,0.64,10.9,5.65429775229283
8.3,0.58,0.13,2.9,0.096,14,63,0.9984,3.17,0.62,9.1,5.18780317412102
6.7,0.48,0.08,2.1,0.064,18,34,0.99552,3.33,0.64,9.7,5.58198720248856
8.7,0.42,0.45,2.4,0.072,32,59,0.99617,3.33,0.77,12,6.3185728209804
8.8,0.6,0.29,2.2,0.098,5,15,0.9988,3.36,0.49,9.1,5.07156363043967
7.4,0.635,0.1,2.4,0.08,16,33,0.99736,3.58,0.69,10.8,5.58808555811983
9.3,0.36,0.39,1.5,0.08,41,55,0.99652,3.47,0.73,10.9,6.01438795528406
10.6,1.02,0.43,2.9,0.076,26,88,0.9984,3.08,0.57,10.1,4.91809144399659
7.6,0.36,0.31,1.7,0.079,26,65,0.99716,3.46,0.62,9.5,5.4590317386896
9.7,0.31,0.47,1.6,0.062,13,33,0.9983,3.27,0.66,10,5.87113246975923
6.4,0.36,0.53,2.2,0.23,19,35,0.9934,3.37,0.93,12.4,6.35299768273097
9.3,0.61,0.26,3.4,0.09,25,87,0.99975,3.24,0.62,9.7,5.24119200647568
7,0.54,0,2.1,0.079,39,55,0.9956,3.39,0.84,11.4,6.07383499610542
8,0.83,0.27,2,0.08,11,63,0.99652,3.29,0.48,9.8,4.9203585275712
6.8,0.69,0,5.6,0.124,21,58,0.9997,3.46,0.72,10.2,5.31484491523202
9,0.62,0.04,1.9,0.146,27,90,0.9984,3.16,0.7,9.4,5.14267710281876
8.9,0.32,0.31,2,0.088,12,19,0.9957,3.17,0.55,10.4,5.95441871202156
9.2,0.53,0.24,2.6,0.078,28,139,0.99788,3.21,0.57,9.5,5.14011375579688
7.9,0.65,0.01,2.5,0.078,17,38,0.9963,3.34,0.74,11.7,5.97847974645161
7.8,0.6,0.26,2,0.08,31,131,0.99622,3.21,0.52,9.9,5.12985806595374
8.8,0.685,0.26,1.6,0.088,16,23,0.99694,3.32,0.47,9.4,5.08514577470554
11.6,0.47,0.44,1.6,0.147,36,51,0.99836,3.38,0.86,9.9,5.64815460182197
5.3,0.47,0.11,2.2,0.048,16,89,0.99182,3.54,0.88,13.5666666666667,6.64393700890626
6.2,0.46,0.17,1.6,0.073,7,11,0.99425,3.61,0.54,11.4,5.88553265343724
7,0.6,0.12,2.2,0.083,13,28,0.9966,3.52,0.62,10.2,5.43570678506999
6.9,0.74,0.03,2.3,0.054,7,16,0.99508,3.45,0.63,11.5,5.76348722644946
9.1,0.25,0.34,2,0.071,45,67,0.99769,3.44,0.86,10.2,6.06500031985899
7.5,0.38,0.57,2.3,0.106,5,12,0.99605,3.36,0.55,11.4,5.99328697979704
7,0.64,0.02,2.1,0.067,9,23,0.997,3.47,0.67,9.4,5.27409100259481
11.5,0.54,0.71,4.4,0.124,6,15,0.9984,3.01,0.83,11.8,6.31753809354476
7.2,0.41,0.3,2.1,0.083,35,72,0.997,3.44,0.52,9.4,5.28786291188044
7.4,0.74,0.07,1.7,0.086,15,48,0.99502,3.12,0.48,10,5.21837250977362
7.7,0.69,0.05,2.7,0.075,15,27,0.9974,3.26,0.61,9.1,5.16796643601604
6.8,0.77,0,1.8,0.066,34,52,0.9976,3.62,0.68,9.9,5.14482872904999
6.8,0.68,0.09,3.9,0.068,15,29,0.99524,3.41,0.52,11.1,5.62635923744707
7.4,0.62,0.05,1.9,0.068,24,42,0.9961,3.42,0.57,11.5,5.78131537727725
7.4,1.185,0,4.25,0.097,5,14,0.9966,3.63,0.54,10.7,4.81202421250299
8.2,0.57,0.26,2.2,0.06,28,65,0.9959,3.3,0.43,10.1,5.35519707617889
7.6,0.78,0,1.7,0.076,33,45,0.99612,3.31,0.62,10.7,5.45752133751596
7.6,0.51,0.24,2.4,0.091,8,38,0.998,3.47,0.66,9.6,5.36464385337156
9.8,0.39,0.43,1.65,0.068,5,11,0.99478,3.19,0.46,11.4,6.11419680730024
8.2,0.2,0.43,2.5,0.076,31,51,0.99672,3.53,0.81,10.4,6.1115458415184
7.2,0.34,0.32,2.5,0.09,43,113,0.9966,3.32,0.79,11.1,5.99902129490459
7.1,0.46,0.14,2.8,0.076,15,37,0.99624,3.36,0.49,10.7,5.7015635166043
9.1,0.52,0.33,1.3,0.07,9,30,0.9978,3.24,0.6,9.3,5.37887571967117
6.7,0.64,0.23,2.1,0.08,11,119,0.99538,3.36,0.7,10.9,5.43601942358244
6.8,0.83,0.09,1.8,0.074,4,25,0.99534,3.38,0.45,9.6,4.92576427055439
8.4,0.56,0.04,2,0.082,10,22,0.9976,3.22,0.44,9.6,5.31831621857607
7.6,0.52,0.12,3,0.067,12,53,0.9971,3.36,0.57,9.1,5.23421432683958
7.2,0.695,0.13,2,0.076,12,20,0.99546,3.29,0.54,10.1,5.36980621985471
7.9,0.54,0.34,2.5,0.076,8,17,0.99235,3.2,0.72,13.1,6.60760839008517
8.2,0.34,0.37,1.9,0.057,43,74,0.99408,3.23,0.81,12,6.51662511310691
8.7,0.84,0,1.4,0.065,24,33,0.9954,3.27,0.55,9.7,5.13994157309411
9,0.46,0.23,2.8,0.092,28,104,0.9983,3.1,0.56,9.2,5.25293969027841
8.7,0.69,0.31,3,0.086,23,81,1.0002,3.48,0.74,11.6,5.64759107232899
8,0.31,0.45,2.1,0.216,5,16,0.99358,3.15,0.81,12.5,6.51618807304286
8.9,0.24,0.39,1.6,0.074,3,10,0.99698,3.12,0.59,9.5,5.86235108976076
9.2,0.92,0.24,2.6,0.087,12,93,0.9998,3.48,0.54,9.8,4.67103411391975
7.4,0.7,0,1.9,0.076,11,34,0.9978,3.51,0.56,9.4,5.03752240268046
9.4,0.24,0.33,2.3,0.061,52,73,0.99786,3.47,0.9,10.2,6.12513114083121
5.9,0.19,0.21,1.7,0.045,57,135,0.99341,3.32,0.44,9.5,5.52154863398895
7.2,0.57,0.05,2.3,0.081,16,36,0.99564,3.38,0.6,10.3,5.55242089284778
5.5,0.49,0.03,1.8,0.044,28,87,0.9908,3.5,0.82,14,6.75790908693352
10.3,0.44,0.5,4.5,0.107,5,13,0.998,3.28,0.83,11.5,6.29285676038576
8.1,0.545,0.18,1.9,0.08,13,35,0.9972,3.3,0.59,9,5.22768366992683
8,0.42,0.32,2.5,0.08,26,122,0.99801,3.22,1.07,9.7,5.75698930204861
7.1,0.68,0.07,1.9,0.075,16,51,0.99685,3.38,0.52,9.5,5.0698140568206
8,0.3,0.63,1.6,0.081,16,29,0.99588,3.3,0.78,10.8,6.16010988187747
6.6,0.63,0,4.3,0.093,51,77.5,0.99558,3.2,0.45,9.5,5.16940361813527
7.3,0.67,0.02,2.2,0.072,31,92,0.99566,3.32,0.68,11.1,5.61844646668077
6.6,0.44,0.15,2.1,0.076,22,53,0.9957,3.32,0.62,9.3,5.42663874409325
6.1,0.59,0.01,2.1,0.056,5,13,0.99472,3.52,0.56,11.4,5.81979139565886
10,0.42,0.5,3.4,0.107,7,21,0.9979,3.26,0.93,11.8,6.44200444431585
7.7,0.53,0.06,1.7,0.074,9,39,0.99615,3.35,0.48,9.8,5.35430537317937
7.7,0.965,0.1,2.1,0.112,11,22,0.9963,3.26,0.5,9.5,4.78424197676476
7.6,0.41,0.24,1.8,0.08,4,11,0.9962,3.28,0.59,9.5,5.58589459758961
6.7,0.28,0.28,2.4,0.012,36,100,0.99064,3.26,0.39,11.7,6.1789415549052
6.9,0.58,0.01,1.9,0.08,40,54,0.99683,3.4,0.73,9.7,5.44768341258438
13.3,0.43,0.58,1.9,0.07,15,40,1.0004,3.06,0.49,9,5.39758040515554
7.1,0.75,0.01,2.2,0.059,11,18,0.99242,3.39,0.4,12.8,5.96728383784709
11.2,0.28,0.56,1.9,0.075,17,60,0.998,3.16,0.58,9.8,5.76480550762443
7.9,1.04,0.05,2.2,0.084,13,29,0.9959,3.22,0.55,9.9,4.91278764579133
6.7,0.28,0.28,2.4,0.012,36,100,0.99064,3.26,0.39,11.7,6.1789415549052
6.7,0.75,0.01,2.4,0.078,17,32,0.9955,3.55,0.61,12.8,5.96169901578808
10.4,0.55,0.23,2.7,0.091,18,48,0.9994,3.22,0.64,10.3,5.61645338269325
9.4,0.615,0.28,3.2,0.087,18,72,1.0001,3.31,0.53,9.7,5.15697805119397
9.3,0.49,0.36,1.7,0.081,3,14,0.99702,3.27,0.78,10.9,6.02332481332716
6.9,0.54,0.3,2.2,0.088,9,105,0.99725,3.25,1.18,10.5,5.89513081197485
11.7,0.45,0.63,2.2,0.073,7,23,0.99974,3.21,0.69,10.9,6.00253206483351
9.4,0.27,0.53,2.4,0.074,6,18,0.9962,3.2,1.13,12,6.93315549852397
5,0.74,0,1.2,0.041,16,46,0.99258,4.01,0.59,12.5,5.70861766565603
8.9,0.59,0.5,2,0.337,27,81,0.9964,3.04,1.61,9.5,5.68380773352885
12.5,0.28,0.54,2.3,0.082,12,29,0.9997,3.11,1.36,9.8,6.52950061729894
5.2,0.49,0.26,2.3,0.09,23,74,0.9953,3.71,0.62,12.2,5.8709051995759
13.2,0.46,0.52,2.2,0.071,12,35,1.0006,3.1,0.56,9,5.41935729334914
7,0.23,0.4,1.6,0.063,21,67,0.9952,3.5,0.63,11.1,6.0614270778901
7,0.735,0.05,2,0.081,13,54,0.9966,3.39,0.57,9.8,5.1019924406887
7.7,0.39,0.12,1.7,0.097,19,27,0.99596,3.16,0.49,9.4,5.51096342897173
7.2,0.645,0,1.9,0.097,15,39,0.99675,3.37,0.58,9.2,5.09016747283027
10.7,0.43,0.39,2.2,0.106,8,32,0.9986,2.89,0.5,9.6,5.578820257556
8.4,0.6,0.1,2.2,0.085,14,111,0.9964,3.15,0.66,9.8,5.29254526287823
6,0.58,0.2,2.4,0.075,15,50,0.99467,3.58,0.67,12.5,6.05576649446681
6,0.5,0,1.4,0.057,15,26,0.99448,3.36,0.45,9.5,5.35694810043263
8.8,0.44,0.49,2.8,0.083,18,111,0.9982,3.3,0.6,9.5,5.26022965592872
8.2,1.33,0,1.7,0.081,3,12,0.9964,3.53,0.49,10.9,4.68213150527589
8.9,0.35,0.4,3.6,0.11,12,24,0.99549,3.23,0.7,12,6.42352598588527
8.7,0.78,0.51,1.7,0.415,12,66,0.99623,3,1.17,9.2,4.87130186093552
8,0.715,0.22,2.3,0.075,13,81,0.99688,3.24,0.54,9.5,5.01577583818895
9.3,0.36,0.39,1.5,0.08,41,55,0.99652,3.47,0.73,10.9,6.01438795528406
8.3,0.28,0.48,2.1,0.093,6,12,0.99408,3.26,0.62,12.4,6.56198306129349
10.4,0.28,0.54,2.7,0.105,5,19,0.9988,3.25,0.63,9.5,5.7238493545995
8.7,0.33,0.38,3.3,0.063,10,19,0.99468,3.3,0.73,12,6.55064617105208
7.4,0.6,0.26,2.1,0.083,17,91,0.99616,3.29,0.56,9.8,5.18711867432883
12,0.39,0.66,3,0.093,12,30,0.9996,3.18,0.63,10.8,5.98342607755501
6.9,0.63,0.33,6.7,0.235,66,115,0.99787,3.22,0.56,9.5,4.89154361227896
10.5,0.42,0.66,2.95,0.116,12,29,0.997,3.24,0.75,11.7,6.23778921121184
7.5,0.6,0.03,1.8,0.095,25,99,0.995,3.35,0.54,10.1,5.23301560992162
10.9,0.39,0.47,1.8,0.118,6,14,0.9982,3.3,0.75,9.8,5.75269072413568
10.3,0.53,0.48,2.5,0.063,6,25,0.9998,3.12,0.59,9.3,5.43082795178726
7.4,0.41,0.24,1.8,0.066,18,47,0.9956,3.37,0.62,10.4,5.76881792765023
7.5,0.64,0,2.4,0.077,18,29,0.9965,3.32,0.6,10,5.44248809365052
10.5,0.24,0.42,1.8,0.077,6,22,0.9976,3.21,1.05,10.8,6.55495751048982
10,0.48,0.24,2.7,0.102,13,32,1,3.28,0.56,10,5.52707717244476
8.9,0.38,0.4,2.2,0.068,12,28,0.99486,3.27,0.75,12.6,6.62169258275251
6.8,0.59,0.06,6,0.06,11,18,0.9962,3.41,0.59,10.8,5.78870612945605
7.1,0.46,0.2,1.9,0.077,28,54,0.9956,3.37,0.64,10.4,5.70332874365203
6.8,0.51,0.01,2.1,0.074,9,25,0.9958,3.33,0.56,9.5,5.4180781087471
8.3,0.26,0.37,1.4,0.076,8,23,0.9974,3.26,0.7,9.6,5.84861411954684
7.5,0.61,0.26,1.9,0.073,24,88,0.99612,3.3,0.53,9.8,5.18559791086686
6.7,0.855,0.02,1.9,0.064,29,38,0.99472,3.3,0.56,10.75,5.3760585091773
11.9,0.39,0.69,2.8,0.095,17,35,0.9994,3.1,0.61,10.8,5.98326317530865
7.6,0.735,0.02,2.5,0.071,10,14,0.99538,3.51,0.71,11.7,5.86181399235583
7,0.58,0.28,4.8,0.085,12,69,0.99633,3.32,0.7,11,5.73914545188187
7.4,0.785,0.19,5.2,0.094,19,98,0.99713,3.16,0.52,9.56666666666667,4.93894586137233
9.3,0.43,0.44,1.9,0.085,9,22,0.99708,3.28,0.55,9.5,5.4970940522647
9,0.47,0.31,2.7,0.084,24,125,0.9984,3.31,0.61,9.4,5.18585638826058
7.2,0.415,0.36,2,0.081,13,45,0.9972,3.48,0.64,9.2,5.34444748895631
9.6,0.5,0.36,2.8,0.116,26,55,0.99722,3.18,0.68,10.9,5.84489476957804
5.2,0.645,0,2.15,0.08,15,28,0.99444,3.78,0.61,12.5,5.90449431835238
7.3,0.65,0,1.2,0.065,15,21,0.9946,3.39,0.47,10,5.33349329261474
10.4,0.44,0.73,6.55,0.074,38,76,0.999,3.17,0.85,12,6.43459565221344
8.6,0.635,0.68,1.8,0.403,19,56,0.99632,3.02,1.15,9.3,5.09773825370299
11.4,0.26,0.44,3.6,0.071,6,19,0.9986,3.12,0.82,9.3,6.02845345138574
6.8,0.815,0,1.2,0.267,16,29,0.99471,3.32,0.51,9.8,4.72439885229848
11.2,0.4,0.5,2,0.099,19,50,0.99783,3.1,0.58,10.4,5.80295423324671
10.3,0.27,0.56,1.4,0.047,3,8,0.99471,3.16,0.51,11.8,6.45933914181052
6.6,0.735,0.02,7.9,0.122,68,124,0.9994,3.47,0.53,9.9,4.96280860747742
11.4,0.36,0.69,2.1,0.09,6,21,1,3.17,0.62,9.2,5.56635092004602
9.1,0.6,0,1.9,0.058,5,10,0.9977,3.18,0.63,10.4,5.74780785621842
10.2,0.44,0.42,2,0.071,7,20,0.99566,3.14,0.79,11.1,6.24837458212762
7.4,0.6,0.26,7.3,0.07,36,121,0.9982,3.37,0.49,9.4,5.04176651122152
8.9,0.43,0.45,1.9,0.052,6,16,0.9948,3.35,0.7,12.5,6.50361600439792
7.3,0.39,0.31,2.4,0.074,9,46,0.9962,3.41,0.54,9.4,5.40553106168595
7.1,0.39,0.12,2.1,0.065,14,24,0.99252,3.3,0.53,13.3,6.64672328312514
7.7,0.54,0.26,1.9,0.089,23,147,0.99636,3.26,0.59,9.7,5.10142498756957
6.4,0.31,0.09,1.4,0.066,15,28,0.99459,3.42,0.7,10,5.88532393940607
7.2,0.34,0.21,2.5,0.075,41,68,0.99586,3.37,0.54,10.1,5.68094111502844
9,0.785,0.24,1.7,0.078,10,21,0.99692,3.29,0.67,10,5.32861005937843
8.1,0.66,0.7,2.2,0.098,25,129,0.9972,3.08,0.53,9,4.78717938318727
7.8,0.815,0.01,2.6,0.074,48,90,0.99621,3.38,0.62,10.8,5.33393341741911
10.6,0.36,0.57,2.3,0.087,6,20,0.99676,3.14,0.72,11.1,6.23489373969081
7,0.43,0.02,1.9,0.08,15,28,0.99492,3.35,0.81,10.6,6.01996314745519
9.4,0.33,0.59,2.8,0.079,9,30,0.9976,3.12,0.54,12,6.32814189578165
10.5,0.59,0.49,2.1,0.07,14,47,0.9991,3.3,0.56,9.6,5.28355145953955
7.6,0.4,0.29,1.9,0.078,29,66,0.9971,3.45,0.59,9.5,5.40109901096542
7.3,0.835,0.03,2.1,0.092,10,19,0.9966,3.39,0.47,9.6,4.93021644504388
7.7,0.23,0.37,1.8,0.046,23,60,0.9971,3.41,0.71,12.1,6.48009876595675
11.1,0.45,0.73,3.2,0.066,6,22,0.9986,3.17,0.66,11.2,6.1065411882493
9.9,0.35,0.41,2.3,0.083,11,61,0.9982,3.21,0.5,9.5,5.47517051084422
9.1,0.21,0.37,1.6,0.067,6,10,0.99552,3.23,0.58,11.1,6.32418861350476
9.9,0.5,0.5,13.8,0.205,48,82,1.00242,3.16,0.75,8.8,5.29320570792674
9.1,0.66,0.15,3.2,0.097,9,59,0.99976,3.28,0.54,9.6,5.11061684135069
8.3,0.56,0.22,2.4,0.082,10,86,0.9983,3.37,0.62,9.5,5.17080231461335
9.1,0.29,0.33,2.05,0.063,13,27,0.99516,3.26,0.84,11.7,6.58812976790049
11.1,0.31,0.49,2.7,0.094,16,47,0.9986,3.12,1.02,10.6,6.34765863393695
9.9,0.27,0.49,5,0.082,9,17,0.99484,3.19,0.52,12.5,6.63791086158357
9.6,0.56,0.31,2.8,0.089,15,46,0.9979,3.11,0.92,10,5.81403286315725
8.3,0.845,0.01,2.2,0.07,5,14,0.9967,3.32,0.58,11,5.48392432083784
8.9,0.595,0.41,7.9,0.086,30,109,0.9998,3.27,0.57,9.3,5.12499620884053
7.2,0.34,0.24,2,0.071,30,52,0.99576,3.44,0.58,10.1,5.70865121182044
7.5,0.38,0.57,2.3,0.106,5,12,0.99605,3.36,0.55,11.4,5.99328697979704
13,0.32,0.65,2.6,0.093,15,47,0.9996,3.05,0.61,10.6,6.01680991159611
7.2,0.61,0.08,4,0.082,26,108,0.99641,3.25,0.51,9.4,5.06144597308153
7.7,0.27,0.68,3.5,0.358,5,10,0.9972,3.25,1.08,9.9,5.75032865602676
8,0.6,0.08,2.6,0.056,3,7,0.99286,3.22,0.37,13,6.28043159493122
11.3,0.62,0.67,5.2,0.086,6,19,0.9988,3.22,0.69,13.4,6.51631352828262
11.8,0.33,0.49,3.4,0.093,54,80,1.0002,3.3,0.76,10.7,6.03789031649031
7.6,0.49,0.26,1.6,0.236,10,88,0.9968,3.11,0.8,9.3,5.15048746309753
7.6,0.95,0.03,2,0.09,7,20,0.9959,3.2,0.56,9.6,4.95343958176705
5.4,0.42,0.27,2,0.092,23,55,0.99471,3.78,0.64,12.3,6.03144790226234
7,0.69,0.07,2.5,0.091,15,21,0.99572,3.38,0.6,11.3,5.69541812991837
6.8,0.56,0.22,1.8,0.074,15,24,0.99438,3.4,0.82,11.2,6.01780608468571
8.2,0.31,0.4,2.2,0.058,6,10,0.99536,3.31,0.68,11.2,6.29500485942565
7.6,0.54,0.02,1.7,0.085,17,31,0.99589,3.37,0.51,10.4,5.54571678854855
9,0.39,0.4,1.3,0.044,25,50,0.99478,3.2,0.83,10.9,6.23982038361653
8.8,0.27,0.46,2.1,0.095,20,29,0.99488,3.26,0.56,11.3,6.20038082732921
8.7,0.54,0.26,2.5,0.097,7,31,0.9976,3.27,0.6,9.3,5.31310458002379
9.4,0.41,0.48,4.6,0.072,10,20,0.9973,3.34,0.79,12.2,6.51153279303382
7.2,0.49,0.18,2.7,0.069,13,34,0.9967,3.29,0.48,9.2,5.2896738343304
10.4,0.44,0.42,1.5,0.145,34,48,0.99832,3.38,0.86,9.9,5.66953283620906
8.3,0.28,0.48,2.1,0.093,6,12,0.99408,3.26,0.62,12.4,6.56198306129349
7.3,0.32,0.23,2.3,0.066,35,70,0.99588,3.43,0.62,10.1,5.74409462490501
7.3,0.91,0.1,1.8,0.074,20,56,0.99672,3.35,0.56,9.2,4.75238669237753
8.3,0.65,0.1,2.9,0.089,17,40,0.99803,3.29,0.55,9.5,5.19981576343814
10.7,0.35,0.53,2.6,0.07,5,16,0.9972,3.15,0.65,11,6.20402636260088
5.6,0.54,0.04,1.7,0.049,5,13,0.9942,3.72,0.58,11.4,5.81809420095188
7.5,0.58,0.56,3.1,0.153,5,14,0.99476,3.21,1.03,11.6,6.21872480729249
7.7,0.49,0.26,1.9,0.062,9,31,0.9966,3.39,0.64,9.6,5.49412430803213
7.6,0.48,0.31,2.8,0.07,4,15,0.99693,3.22,0.55,10.3,5.71458696594605
12.3,0.39,0.63,2.3,0.091,6,18,1.0004,3.16,0.49,9.5,5.53208537098564
9.1,0.3,0.41,2,0.068,10,24,0.99523,3.27,0.85,11.7,6.56394411260315
8.1,0.66,0.22,2.2,0.069,9,23,0.9968,3.3,1.2,10.3,6.01522329506162
7.2,0.62,0.06,2.7,0.077,15,85,0.99746,3.51,0.54,9.5,5.01059419299657
7.9,0.69,0.21,2.1,0.08,33,141,0.9962,3.25,0.51,9.9,4.97960213255138
8.5,0.66,0.2,2.1,0.097,23,113,0.99733,3.13,0.48,9.2,4.87699530674775
10.6,1.025,0.43,2.8,0.08,21,84,0.9985,3.06,0.57,10.1,4.91054687473186
7.8,0.6,0.26,2,0.08,31,131,0.99622,3.21,0.52,9.9,5.12985806595374
6,0.42,0.19,2,0.075,22,47,0.99522,3.39,0.78,10,5.75665819839299
9.2,0.67,0.1,3,0.091,12,48,0.99888,3.31,0.54,9.5,5.12745159386306
8.3,0.33,0.42,2.3,0.07,9,20,0.99426,3.38,0.77,12.7,6.69485906785664
7.5,0.41,0.15,3.7,0.104,29,94,0.99786,3.14,0.58,9.1,5.3020921389608
7.7,0.56,0.08,2.5,0.114,14,46,0.9971,3.24,0.66,9.6,5.37475235030774
10,0.59,0.31,2.2,0.09,26,62,0.9994,3.18,0.63,10.2,5.49729079551139
7.6,0.43,0.31,2.1,0.069,13,74,0.9958,3.26,0.54,9.9,5.48987298007819
7.3,0.38,0.21,2,0.08,7,35,0.9961,3.33,0.47,9.5,5.43678941535638
8.4,0.52,0.22,2.7,0.084,4,18,0.99682,3.26,0.57,9.9,5.54930681850967
6.8,0.63,0.07,2.1,0.089,11,44,0.9953,3.47,0.55,10.4,5.36985647880142
6.6,0.895,0.04,2.3,0.068,7,13,0.99582,3.53,0.58,10.8,5.27657271920568
6.1,0.38,0.15,1.8,0.072,6,19,0.9955,3.42,0.57,9.4,5.50815006475939
7.9,0.49,0.32,1.9,0.082,17,144,0.9968,3.2,0.55,9.5,5.09942155567232
7.3,0.59,0.26,7.2,0.07,35,121,0.9981,3.37,0.49,9.4,5.04934936014495
7.8,0.41,0.68,1.7,0.467,18,69,0.9973,3.08,1.31,9.3,5.28638044959559
7.4,0.965,0,2.2,0.088,16,32,0.99756,3.58,0.67,10.2,4.9998286106438
11.5,0.31,0.51,2.2,0.079,14,28,0.9982,3.03,0.93,9.8,6.1758841126862
7.5,0.51,0.02,1.7,0.084,13,31,0.99538,3.36,0.54,10.5,5.63891192185895
10.7,0.46,0.39,2,0.061,7,15,0.9981,3.18,0.62,9.5,5.64122713100994
10.6,0.28,0.39,15.5,0.069,6,23,1.0026,3.12,0.66,9.2,6.01739044497405
8.9,0.75,0.14,2.5,0.086,9,30,0.99824,3.34,0.64,10.5,5.41855454064613
10.9,0.53,0.49,4.6,0.118,10,17,1.0002,3.07,0.56,11.7,6.04562478060823
6.9,0.48,0.2,1.9,0.082,9,23,0.99585,3.39,0.43,9.05,5.16809730876437
8,0.705,0.05,1.9,0.074,8,19,0.9962,3.34,0.95,10.5,5.80329909849308
10.5,0.51,0.64,2.4,0.107,6,15,0.9973,3.09,0.66,11.8,6.17003445796824
13.3,0.29,0.75,2.8,0.084,23,43,0.9986,3.04,0.68,11.4,6.39341967039217
12.2,0.34,0.5,2.4,0.066,10,21,1,3.12,1.18,9.2,6.18390039210414
7.4,0.53,0.26,2,0.101,16,72,0.9957,3.15,0.57,9.4,5.25571188221328
7.2,0.53,0.14,2.1,0.064,15,29,0.99323,3.35,0.61,12.1,6.1812772868349
5.8,0.68,0.02,1.8,0.087,21,94,0.9944,3.54,0.52,10,5.01534968832512
7,0.36,0.21,2.3,0.086,20,65,0.99558,3.4,0.54,10.1,5.58720489172867
7.4,0.64,0.07,1.8,0.1,8,23,0.9961,3.3,0.58,9.6,5.26530366738026
7.2,0.63,0.03,2.2,0.08,17,88,0.99745,3.53,0.58,9.8,5.0862744960432
11.5,0.3,0.6,2,0.067,12,27,0.9981,3.11,0.97,10.1,6.28080290575215
8.7,0.52,0.09,2.5,0.091,20,49,0.9976,3.34,0.86,10.6,5.87936715917478
7.8,0.6,0.14,2.4,0.086,3,15,0.9975,3.42,0.6,10.8,5.63589963302389
7.5,0.6,0.32,2.7,0.103,13,98,0.99938,3.45,0.62,9.5,4.9830514435609
8.5,0.37,0.2,2.8,0.09,18,58,0.998,3.34,0.7,9.6,5.61320804554913
7.8,0.64,0.1,6,0.115,5,11,0.9984,3.37,0.69,10.1,5.52628031957392
6.9,0.605,0.12,10.7,0.073,40,83,0.9993,3.45,0.52,9.4,5.20635443005838
7.9,0.33,0.41,1.5,0.056,6,35,0.99396,3.29,0.71,11,6.18039216609996
12.8,0.84,0.63,2.4,0.088,13,35,0.9997,3.1,0.6,10.4,5.3370510137134
7.9,0.51,0.25,2.9,0.077,21,45,0.9974,3.49,0.96,12.1,6.33934785486059
8.5,0.32,0.42,2.3,0.075,12,19,0.99434,3.14,0.71,11.8,6.51264847395469
11.6,0.44,0.64,2.1,0.059,5,15,0.998,3.21,0.67,10.2,5.88082444483402
8.3,0.715,0.15,1.8,0.089,10,52,0.9968,3.23,0.77,9.5,5.27402626514565
7.6,0.49,0.33,1.9,0.074,27,85,0.99706,3.41,0.58,9,5.10872424267896
8,0.715,0.22,2.3,0.075,13,81,0.99688,3.24,0.54,9.5,5.01577583818895
6.5,0.63,0.33,1.8,0.059,16,28,0.99531,3.36,0.64,10.1,5.48672299354176
11.1,0.31,0.53,2.2,0.06,3,10,0.99572,3.02,0.83,10.9,6.48830109681993
7.2,0.635,0.07,2.6,0.077,16,86,0.99748,3.51,0.54,9.7,5.04134877383255
10.6,0.42,0.48,2.7,0.065,5,18,0.9972,3.21,0.87,11.3,6.37195526370325
6.8,0.48,0.08,1.8,0.074,40,64,0.99529,3.12,0.49,9.6,5.44465043525428
6.9,1.09,0.06,2.1,0.061,12,31,0.9948,3.51,0.43,11.4,5.06612774161723
7.5,0.52,0.4,2.2,0.06,12,20,0.99474,3.26,0.64,11.8,6.1606530565439
7.1,0.47,0,2.2,0.067,7,14,0.99517,3.4,0.58,10.9,5.89252506580574
9.5,0.55,0.66,2.3,0.387,12,37,0.9982,3.17,0.67,9.6,4.88477123890502
8.4,0.62,0.12,1.8,0.072,38,46,0.99504,3.38,0.89,11.8,6.18799010819362
7.1,0.63,0.06,2,0.083,8,29,0.99855,3.67,0.73,9.6,5.23101261091219
8.3,0.675,0.26,2.1,0.084,11,43,0.9976,3.31,0.53,9.2,5.02644700464789
8.2,0.28,0.4,2.4,0.052,4,10,0.99356,3.33,0.7,12.8,6.81048257060858
10.6,0.31,0.49,2.5,0.067,6,21,0.9987,3.26,0.86,10.7,6.27524365625561
8.9,0.12,0.45,1.8,0.075,10,21,0.99552,3.41,0.76,11.9,6.68185668011967
6.1,0.6,0.08,1.8,0.071,14,45,0.99336,3.38,0.54,11,5.64182956811889
7.8,0.32,0.44,2.7,0.104,8,17,0.99732,3.33,0.78,11,6.16873767265886
8.4,0.29,0.4,1.7,0.067,8,20,0.99603,3.39,0.6,10.5,5.9705384797901
4.9,0.42,0,2.1,0.048,16,42,0.99154,3.71,0.74,14,6.77974442500877
10.1,0.28,0.46,1.8,0.05,5,13,0.9974,3.04,0.79,10.2,6.25901112790706
9.8,0.37,0.39,2.5,0.079,28,65,0.99729,3.16,0.59,9.8,5.67697100576662
6.9,0.58,0.2,1.75,0.058,8,22,0.99322,3.38,0.49,11.7,5.89805484274531
6.4,0.57,0.02,1.8,0.067,4,11,0.997,3.46,0.68,9.5,5.40563270167762
7,0.65,0.02,2.1,0.066,8,25,0.9972,3.47,0.67,9.5,5.27925364197317
7,0.51,0.09,2.1,0.062,4,9,0.99584,3.35,0.54,10.5,5.71691019889374
7.1,0.69,0.08,2.1,0.063,42,52,0.99608,3.42,0.6,10.2,5.38529037036968
8.2,1,0.09,2.3,0.065,7,37,0.99685,3.32,0.55,9,4.66932767549037
9.1,0.3,0.34,2,0.064,12,25,0.99516,3.26,0.84,11.7,6.57601730738112
8.2,0.38,0.32,2.5,0.08,24,71,0.99624,3.27,0.85,11,6.12835604287242
10.1,0.37,0.34,2.4,0.085,5,17,0.99683,3.17,0.65,10.6,6.04165705611297
6,0.54,0.06,1.8,0.05,38,89,0.99236,3.3,0.5,10.55,5.56414646543224
7,0.655,0.16,2.1,0.074,8,25,0.99606,3.37,0.55,9.7,5.25405623339266
7,0.4,0.32,3.6,0.061,9,29,0.99416,3.28,0.49,11.3,6.03996845880971
6.6,0.705,0.07,1.6,0.076,6,15,0.9962,3.44,0.58,10.7,5.4682843753957
6.9,0.4,0.14,2.4,0.085,21,40,0.9968,3.43,0.63,9.7,5.56225591860939
8.7,0.625,0.16,2,0.101,13,49,0.9962,3.14,0.57,11,5.66327901596386
10.8,0.45,0.33,2.5,0.099,20,38,0.99818,3.24,0.71,10.8,5.9565098389676
7.7,0.965,0.1,2.1,0.112,11,22,0.9963,3.26,0.5,9.5,4.78424197676476
9.6,0.42,0.35,2.1,0.083,17,38,0.99622,3.23,0.66,11.1,6.05651161575422
7.7,0.75,0.27,3.8,0.11,34,89,0.99664,3.24,0.45,9.3,4.82052082956372
8.4,0.62,0.09,2.2,0.084,11,108,0.9964,3.15,0.66,9.8,5.27417892671945
6.8,0.64,0.1,2.1,0.085,18,101,0.9956,3.34,0.52,10.2,5.17265208073734
7.1,0.53,0.07,1.7,0.071,15,24,0.9951,3.29,0.66,10.8,5.86657807146639
7.8,0.57,0.31,1.8,0.069,26,120,0.99625,3.29,0.53,9.3,5.01659496507817
7.5,0.65,0.18,7,0.088,27,94,0.99915,3.38,0.77,9.4,5.23264593640708
8.8,0.61,0.3,2.8,0.088,17,46,0.9976,3.26,0.51,9.3,5.15191551513877
6.6,0.39,0.49,1.7,0.07,23,149,0.9922,3.12,0.5,11.5,5.79411483704468
7.5,0.4,0.18,1.6,0.079,24,58,0.9965,3.34,0.58,9.4,5.43392658991052
10.4,0.64,0.24,2.8,0.105,29,53,0.9998,3.24,0.67,9.9,5.39276241561947
7.5,0.4,0.12,3,0.092,29,53,0.9967,3.37,0.7,10.3,5.79908049872702
8.7,0.82,0.02,1.2,0.07,36,48,0.9952,3.2,0.58,9.8,5.21077531554962
9,0.6,0.29,2,0.069,32,73,0.99654,3.34,0.57,10,5.36068635453775
8.8,0.55,0.04,2.2,0.119,14,56,0.9962,3.21,0.6,10.9,5.69042257663515
6.2,0.6,0.08,2,0.09,32,44,0.9949,3.45,0.58,10.5,5.49793904310194
7.1,0.72,0,1.8,0.123,6,14,0.99627,3.45,0.58,9.8,5.13941936170862
8.6,0.47,0.27,2.3,0.055,14,28,0.99516,3.18,0.8,11.2,6.24901797053956
8.2,0.73,0.21,1.7,0.074,5,13,0.9968,3.2,0.52,9.5,5.17970698215417
10.3,0.59,0.42,2.8,0.09,35,73,0.999,3.28,0.7,9.5,5.33015696257916
8.8,0.61,0.14,2.4,0.067,10,42,0.9969,3.19,0.59,9.5,5.358115075382
5.9,0.46,0,1.9,0.077,25,44,0.99385,3.5,0.53,11.2,5.82040436535593
11.9,0.39,0.69,2.8,0.095,17,35,0.9994,3.1,0.61,10.8,5.98326317530865
9,0.8,0.12,2.4,0.083,8,28,0.99836,3.33,0.65,10.4,5.35311170798487
9,0.36,0.52,2.1,0.111,5,10,0.99568,3.31,0.62,11.3,6.10405585393049
6.3,0.39,0.16,1.4,0.08,11,23,0.9955,3.34,0.56,9.3,5.46953243575049
8.5,0.28,0.35,1.7,0.061,6,15,0.99524,3.3,0.74,11.8,6.52838940971024
8.2,0.4,0.44,2.8,0.089,11,43,0.9975,3.53,0.61,10.5,5.67676534654773
8.6,0.22,0.36,1.9,0.064,53,77,0.99604,3.47,0.87,11,6.32452961821376
6.5,0.88,0.03,5.6,0.079,23,47,0.99572,3.58,0.5,11.2,5.29603905483566
7,0.65,0.02,2.1,0.066,8,25,0.9972,3.47,0.67,9.5,5.27925364197317
7.1,0.685,0.35,2,0.088,9,92,0.9963,3.28,0.62,9.4,4.98423589645997
10.7,0.9,0.34,6.6,0.112,23,99,1.00289,3.22,0.68,9.3,4.7982593115662
8.5,0.585,0.18,2.1,0.078,5,30,0.9967,3.2,0.48,9.8,5.36268267592058
11.3,0.36,0.66,2.4,0.123,3,8,0.99642,3.2,0.53,11.9,6.23769261070771
7.8,0.56,0.19,2,0.081,17,108,0.9962,3.32,0.54,9.5,5.09124291859325
7.3,0.51,0.18,2.1,0.07,12,28,0.99768,3.52,0.73,9.5,5.45422422746457
7,0.42,0.19,2.3,0.071,18,36,0.99476,3.39,0.56,10.9,5.87671059180354
8.2,0.43,0.29,1.6,0.081,27,45,0.99603,3.25,0.54,10.3,5.69232689509573
7.6,0.645,0.03,1.9,0.086,14,57,0.9969,3.37,0.46,10.3,5.24936483918184
10.6,0.83,0.37,2.6,0.086,26,70,0.9981,3.16,0.52,9.9,5.06008501818206
7.5,0.755,0,1.9,0.084,6,12,0.99672,3.34,0.49,9.7,5.1198485987751
7.9,0.2,0.35,1.7,0.054,7,15,0.99458,3.32,0.8,11.9,6.709719560423
9.5,0.885,0.27,2.3,0.084,31,145,0.9978,3.24,0.53,9.4,4.61074428905907
7.6,0.79,0.21,2.3,0.087,21,68,0.9955,3.12,0.44,9.2,4.85499536440804
12,0.45,0.55,2,0.073,25,49,0.9997,3.1,0.76,10.3,5.9135616508745
11.6,0.32,0.55,2.8,0.081,35,67,1.0002,3.32,0.92,10.8,6.20620743673117
5.3,0.57,0.01,1.7,0.054,5,27,0.9934,3.57,0.84,12.5,6.31639844543235
7.2,0.36,0.46,2.1,0.074,24,44,0.99534,3.4,0.85,11,6.16561295926926
8.6,0.685,0.1,1.6,0.092,3,12,0.99745,3.31,0.65,9.55,5.28570287362712
7.7,0.26,0.26,2,0.052,19,77,0.9951,3.15,0.79,10.9,6.27268488665324
7.9,0.545,0.06,4,0.087,27,61,0.9965,3.36,0.67,10.7,5.72934334580853
8.4,0.25,0.39,2,0.041,4,10,0.99386,3.27,0.71,12.5,6.81109762504094
7.3,0.35,0.24,2,0.067,28,48,0.99576,3.43,0.54,10,5.65721280014829
11.1,0.31,0.53,2.2,0.06,3,10,0.99572,3.02,0.83,10.9,6.48830109681993
10.2,0.54,0.37,15.4,0.214,55,95,1.00369,3.18,0.77,9,5.29810716712768
8.8,0.48,0.41,3.3,0.092,26,52,0.9982,3.31,0.53,10.5,5.61044420921021
9.5,0.39,0.41,8.9,0.069,18,39,0.99859,3.29,0.81,10.9,6.27197561641552
7.1,0.6,0.01,2.3,0.079,24,37,0.99514,3.4,0.61,10.9,5.70411979077848
5,1.02,0.04,1.4,0.045,41,85,0.9938,3.75,0.48,10.5,4.74836364764993
8.3,0.6,0.25,2.2,0.118,9,38,0.99616,3.15,0.53,9.8,5.31541323280657
7.2,0.36,0.46,2.1,0.074,24,44,0.99534,3.4,0.85,11,6.16561295926926
8.3,0.655,0.12,2.3,0.083,15,113,0.9966,3.17,0.66,9.8,5.21248340684367
8,0.48,0.34,2.2,0.073,16,25,0.9936,3.28,0.66,12.4,6.38222142829286
10.3,0.41,0.42,2.4,0.213,6,14,0.9994,3.19,0.62,9.5,5.38656484459069
7.1,0.59,0.02,2.3,0.082,24,94,0.99744,3.55,0.53,9.7,5.05089533632354
7.5,0.5,0.36,6.1,0.071,17,102,0.9978,3.35,0.8,10.5,5.71978747139288
7.7,0.61,0.18,2.4,0.083,6,20,0.9963,3.29,0.6,10.2,5.52572348935257
8,0.71,0,2.6,0.08,11,34,0.9976,3.44,0.53,9.5,5.07771646635623
7.7,0.56,0.2,2,0.075,9,39,0.9987,3.48,0.62,9.3,5.20032069619937
7.4,0.61,0.01,2,0.074,13,38,0.99748,3.48,0.65,9.8,5.34492541230147
7.6,0.9,0.06,2.5,0.079,5,10,0.9967,3.39,0.56,9.8,5.03371110508376
9.4,0.27,0.53,2.4,0.074,6,18,0.9962,3.2,1.13,12,6.93315549852397
8,0.745,0.56,2,0.118,30,134,0.9968,3.24,0.66,9.4,4.80944423150923
8.5,0.49,0.11,2.3,0.084,9,67,0.9968,3.17,0.53,9.4,5.32072502134823
6,0.51,0,2.1,0.064,40,54,0.995,3.54,0.93,10.7,5.96347775072459
6.8,0.81,0.05,2,0.07,6,14,0.99562,3.51,0.66,10.8,5.44702246458573
8.5,0.34,0.44,1.7,0.079,6,12,0.99605,3.52,0.63,10.7,5.93229236446315
8.3,0.66,0.15,1.9,0.079,17,42,0.9972,3.31,0.54,9.6,5.19775676802689
9.8,0.51,0.19,3.2,0.081,8,30,0.9984,3.23,0.58,10.5,5.73595623082554
5.4,0.74,0,1.2,0.041,16,46,0.99258,4.01,0.59,12.5,5.71671216750585
9.4,0.34,0.37,2.2,0.075,5,13,0.998,3.22,0.62,9.2,5.6479371634718
10.9,0.32,0.52,1.8,0.132,17,44,0.99734,3.28,0.77,11.5,6.23217470320106
5.6,0.66,0,2.5,0.066,7,15,0.99256,3.52,0.58,12.9,6.16800253349247
7.6,0.35,0.6,2.6,0.073,23,44,0.99656,3.38,0.79,11.1,6.14606629359659
7.5,0.705,0.24,1.8,0.36,15,63,0.9964,3,1.59,9.5,5.5223786341618
7.4,0.6,0.26,2.1,0.083,17,91,0.99616,3.29,0.56,9.8,5.18711867432883
8.6,0.49,0.28,1.9,0.11,20,136,0.9972,2.93,1.95,9.9,6.49795010425034
8.3,0.43,0.3,3.4,0.079,7,34,0.99788,3.36,0.61,10.5,5.76870675098828
11.6,0.23,0.57,1.8,0.074,3,8,0.9981,3.14,0.7,9.9,6.09610996421408
6.7,0.32,0.44,2.4,0.061,24,34,0.99484,3.29,0.8,11.6,6.43726156642428
7.2,0.38,0.3,1.8,0.073,31,70,0.99685,3.42,0.59,9.5,5.43166049684059
9,0.82,0.05,2.4,0.081,26,96,0.99814,3.36,0.53,10,4.95340086825247
10.2,0.54,0.37,15.4,0.214,55,95,1.00369,3.18,0.77,9,5.29810716712768
9,0.54,0.49,2.9,0.094,41,110,0.9982,3.08,0.61,9.2,5.18888629089777
11,0.3,0.58,2.1,0.054,7,19,0.998,3.31,0.88,10.5,6.26585027848818
9.7,0.42,0.46,2.1,0.074,5,16,0.99649,3.27,0.74,12.3,6.47585481613641
9,0.69,0,2.4,0.088,19,38,0.999,3.35,0.6,9.3,5.12523748987611
7.9,0.72,0.17,2.6,0.096,20,38,0.9978,3.4,0.53,9.5,5.03495159619077
15.5,0.645,0.49,4.2,0.095,10,23,1.00315,2.92,0.74,11.1,6.01946492114357
6.9,0.765,0.02,2.3,0.063,35,63,0.9975,3.57,0.78,9.9,5.24362409481014
8.3,0.26,0.42,2,0.08,11,27,0.9974,3.21,0.8,9.4,5.89513179934443
8.8,0.37,0.48,2.1,0.097,39,145,0.9975,3.04,1.03,9.3,5.67280193093533
6.8,0.41,0.31,8.8,0.084,26,45,0.99824,3.38,0.64,10.1,5.78100775975983
10.3,0.34,0.52,2.8,0.159,15,75,0.9998,3.18,0.64,9.4,5.39533460757259
7.3,0.305,0.39,1.2,0.059,7,11,0.99331,3.29,0.52,11.5,6.24465979192666
7.1,0.66,0,3.9,0.086,17,45,0.9976,3.46,0.54,9.5,5.11705528931244
8.8,0.64,0.17,2.9,0.084,25,130,0.99818,3.23,0.54,9.6,5.00983750803404
7.6,0.43,0.4,2.7,0.082,6,11,0.99538,3.44,0.54,12.2,6.1955898959162
7.5,0.58,0.14,2.2,0.077,27,60,0.9963,3.28,0.59,9.8,5.37915431382178
8.2,0.33,0.39,2.5,0.074,29,48,0.99528,3.32,0.88,12.4,6.66890820600544
7.2,0.36,0.46,2.1,0.074,24,44,0.99534,3.4,0.85,11,6.16561295926926
6.8,0.56,0.22,1.8,0.074,15,24,0.99438,3.4,0.82,11.2,6.01780608468571
10.1,0.38,0.5,2.4,0.104,6,13,0.99643,3.22,0.65,11.6,6.24603162318672
8.3,0.6,0.25,2.2,0.118,9,38,0.99616,3.15,0.53,9.8,5.31541323280657
6.6,0.855,0.02,2.4,0.062,15,23,0.99627,3.54,0.6,11,5.38568961509661
7.5,0.77,0.2,8.1,0.098,30,92,0.99892,3.2,0.58,9.2,4.96197966301914
8.5,0.47,0.27,1.9,0.058,18,38,0.99518,3.16,0.85,11.1,6.23397708297178
7.9,0.4,0.3,1.8,0.157,2,45,0.99727,3.31,0.91,9.5,5.58947046195342
12.7,0.6,0.49,2.8,0.075,5,19,0.9994,3.14,0.57,11.4,5.93674426431391
7.4,0.55,0.22,2.2,0.106,12,72,0.9959,3.05,0.63,9.2,5.25650313216879
10,0.49,0.2,11,0.071,13,50,1.0015,3.16,0.69,9.2,5.62675952873575
7,0.42,0.35,1.6,0.088,16,39,0.9961,3.34,0.55,9.2,5.33439740437946
6.3,0.3,0.48,1.8,0.069,18,61,0.9959,3.44,0.78,10.3,5.88576700455174
10.1,0.935,0.22,3.4,0.105,11,86,1.001,3.43,0.64,11.3,5.16205847705346
7.4,0.52,0.13,2.4,0.078,34,61,0.99528,3.43,0.59,10.8,5.68933590547674
13.2,0.38,0.55,2.7,0.081,5,16,1.0006,2.98,0.54,9.4,5.68634396243145
11.5,0.59,0.59,2.6,0.087,13,49,0.9988,3.18,0.65,11,5.76885893123757
8.6,0.49,0.28,1.9,0.11,20,136,0.9972,2.93,1.95,9.9,6.49795010425034
6.6,0.695,0,2.1,0.075,12,56,0.9968,3.49,0.67,9.2,5.03476750004664
6.8,0.57,0,2.5,0.072,32,64,0.99491,3.43,0.56,11.2,5.71746168331704
7,0.56,0.17,1.7,0.065,15,24,0.99514,3.44,0.68,10.55,5.71956105617407
7.3,0.48,0.32,2.1,0.062,31,54,0.99728,3.3,0.65,10,5.61143269938785
6.6,0.52,0.08,2.4,0.07,13,26,0.99358,3.4,0.72,12.5,6.36267273208424
7.8,0.46,0.26,1.9,0.088,23,53,0.9981,3.43,0.74,9.2,5.38248089932287
11.9,0.695,0.53,3.4,0.128,7,21,0.9992,3.17,0.84,12.2,6.14801665638257
8.4,0.715,0.2,2.4,0.076,10,38,0.99735,3.31,0.64,9.4,5.17230268405269
6.3,0.98,0.01,2,0.057,15,33,0.99488,3.6,0.46,11.2,5.13278110741178
7.1,0.59,0,2.2,0.078,26,44,0.99522,3.42,0.68,10.8,5.72364169364518
7.1,0.84,0.02,4.4,0.096,5,13,0.997,3.41,0.57,11,5.41766403121495
9.3,0.37,0.44,1.6,0.038,21,42,0.99526,3.24,0.81,10.8,6.2325298289541
7.3,0.69,0.32,2.2,0.069,35,104,0.99632,3.33,0.51,9.5,4.95402011534499
7.9,0.34,0.36,1.9,0.065,5,10,0.99419,3.27,0.54,11.2,6.15043935998876
8.1,0.545,0.18,1.9,0.08,13,35,0.9972,3.3,0.59,9,5.22768366992683
9.3,0.43,0.44,1.9,0.085,9,22,0.99708,3.28,0.55,9.5,5.4970940522647
8.1,0.825,0.24,2.1,0.084,5,13,0.9972,3.37,0.77,10.7,5.50953073744017
6.4,0.63,0.21,1.6,0.08,12,32,0.99689,3.58,0.66,9.8,5.25516194754433
7.3,0.38,0.21,2,0.08,7,35,0.9961,3.33,0.47,9.5,5.43678941535638
7.7,0.49,0.26,1.9,0.062,9,31,0.9966,3.39,0.64,9.6,5.49412430803213
9.4,0.43,0.24,2.8,0.092,14,45,0.998,3.19,0.73,10,5.77421251918958
6.4,0.36,0.21,2.2,0.047,26,48,0.99661,3.47,0.77,9.7,5.75428447923771
8.2,0.23,0.42,1.9,0.069,9,17,0.99376,3.21,0.54,12.3,6.58879786270547
10.5,0.24,0.47,2.1,0.066,6,24,0.9978,3.15,0.9,11,6.51742321087482
7.1,0.52,0.03,2.6,0.076,21,92,0.99745,3.5,0.6,9.8,5.25918313865951
7,0.22,0.3,1.8,0.065,16,20,0.99672,3.61,0.82,10,6.01411434395414
11,0.2,0.48,2,0.343,6,18,0.9979,3.3,0.71,10.5,5.70790808528452
7.5,0.63,0.12,5.1,0.111,50,110,0.9983,3.26,0.77,9.4,5.23693902862095
8.2,0.44,0.24,2.3,0.063,10,28,0.99613,3.25,0.53,10.2,5.7149372182078
6.4,0.79,0.04,2.2,0.061,11,17,0.99588,3.53,0.65,10.4,5.35880184567793
8.6,0.37,0.65,6.4,0.08,3,8,0.99817,3.27,0.58,11,6.08675353820694
8.4,0.37,0.43,2.3,0.063,12,19,0.9955,3.17,0.81,11.2,6.36530097506217
8,0.59,0.16,1.8,0.065,3,16,0.9962,3.42,0.92,10.5,5.88852886345404
5.1,0.585,0,1.7,0.044,14,86,0.99264,3.56,0.94,12.9,6.36393328861812
7.1,0.71,0,1.9,0.08,14,35,0.9972,3.47,0.55,9.4,5.03210298055984
9.9,0.72,0.55,1.7,0.136,24,52,0.99752,3.35,0.94,10,5.41667199800632
8.4,0.31,0.29,3.1,0.194,14,26,0.99536,3.22,0.78,12,6.37480765541924
8.1,0.33,0.44,1.5,0.042,6,12,0.99542,3.35,0.61,10.7,6.06319083670653
12.4,0.42,0.49,4.6,0.073,19,43,0.9978,3.02,0.61,9.5,5.7489646385202
9.3,0.41,0.39,2.2,0.064,12,31,0.9984,3.26,0.65,10.2,5.81027251432016
9.2,0.52,1,3.4,0.61,32,69,0.9996,2.74,2,9.4,5.65670350799595
15,0.21,0.44,2.2,0.075,10,24,1.00005,3.07,0.84,9.2,6.10238792712668
9.9,0.74,0.28,2.6,0.078,21,77,0.998,3.28,0.51,9.8,5.06686537611968
11.2,0.66,0.24,2.5,0.085,16,53,0.9993,3.06,0.72,11,5.80698499438781
14.3,0.31,0.74,1.8,0.075,6,15,1.0008,2.86,0.79,8.4,5.76177699995422
8.9,0.29,0.35,1.9,0.067,25,57,0.997,3.18,1.36,10.3,6.57573050133609
7,0.65,0.02,2.1,0.066,8,25,0.9972,3.47,0.67,9.5,5.27925364197317
7,0.6,0.3,4.5,0.068,20,110,0.99914,3.3,1.17,10.2,5.77974039467212
8,1.18,0.21,1.9,0.083,14,41,0.99532,3.34,0.47,10.5,4.74447844378882
10.5,0.24,0.47,2.1,0.066,6,24,0.9978,3.15,0.9,11,6.51742321087482
9.3,0.38,0.48,3.8,0.132,3,11,0.99577,3.23,0.57,13.2,6.57638382829806
8.6,0.53,0.22,2,0.1,7,27,0.9967,3.2,0.56,10.2,5.57190947070321
6.5,0.9,0,1.6,0.052,9,17,0.99467,3.5,0.63,10.9,5.37990581511683
7.8,0.91,0.07,1.9,0.058,22,47,0.99525,3.51,0.43,10.7,5.08022307235982
7.2,0.41,0.3,2.1,0.083,35,72,0.997,3.44,0.52,9.4,5.28786291188044
9.4,0.4,0.31,2.2,0.09,13,62,0.9966,3.07,0.63,10.5,5.86068467891086
6.9,0.635,0.17,2.4,0.241,6,18,0.9961,3.4,0.59,10.3,5.16416287391691
7.7,0.69,0.22,1.9,0.084,18,94,0.9961,3.31,0.48,9.5,4.91900845439716
6.4,0.64,0.21,1.8,0.081,14,31,0.99689,3.59,0.66,9.8,5.24856173997819
8.4,1.035,0.15,6,0.073,11,54,0.999,3.37,0.49,9.9,4.78215351000255
7.5,0.57,0.08,2.6,0.089,14,27,0.99592,3.3,0.59,10.4,5.61537633955981
8,0.6,0.22,2.1,0.08,25,105,0.99613,3.3,0.49,9.9,5.14627477852254
9.3,0.655,0.26,2,0.096,5,35,0.99738,3.25,0.42,9.6,5.09862827912366
7.6,0.665,0.1,1.5,0.066,27,55,0.99655,3.39,0.51,9.3,5.05234344701644
7.9,0.57,0.31,2,0.079,10,79,0.99677,3.29,0.69,9.5,5.27678525348185
13,0.47,0.49,4.3,0.085,6,47,1.0021,3.3,0.68,12.7,6.36560789146247
9.8,0.98,0.32,2.3,0.078,35,152,0.998,3.25,0.48,9.4,4.44488095620506
7.4,0.36,0.29,2.6,0.087,26,72,0.99645,3.39,0.68,11,5.93286217040458
7.8,0.53,0.01,1.6,0.077,3,19,0.995,3.16,0.46,9.8,5.4791741661135
8.2,0.915,0.27,2.1,0.088,7,23,0.9962,3.26,0.47,10,4.98267732465619
7.7,0.54,0.26,1.9,0.089,23,147,0.99636,3.26,0.59,9.7,5.10142498756957
6.6,0.725,0.09,5.5,0.117,9,17,0.99655,3.35,0.49,10.8,5.43022495747225
12.7,0.59,0.45,2.3,0.082,11,22,1,3,0.7,9.3,5.52636468895855
11.5,0.18,0.51,4,0.104,4,23,0.9996,3.28,0.97,10.1,6.31268333350146